Magic120Cell	Version1	4	1	6945
00551c110c250b4e1b1107073c454076062f67202514480a3254013475493345375e12474d3821273c6e2509592228634f6e383c410c5e1d515d034f205c16
014f425f39291646261c02064b2a0a29534e714407104f753b7317441d6774501c28383a595d450c1549726934260a082758331763391e3c5d771352456635
027245490a3252286d502a17291120262a4f5776492a6716664c115b115e664269630a01492b68131144254970744c25301527575e14766356511d53017401
030367033a034b03670354031603030303031f6925204f0303030303422f4102175f13514c47500a506c3d03030303033f084d6a482a393f483c76233f4675
040404040404040404040404040404040404040404040404040404040404040404040404040404040404040404040404040404040404040404040404040404
050505050505050505050505050505050505050505050505050505050505050505050505050505050505050505050505050505050505050505050505050505
066406060606065906690606061e533c2e5c060606060606064815570606060606060606064a27392a060646456d5176060606060606067638060674730806
07313d4e4034085e4e2e505f0c680c331c1039275d2f4f4b76612a3e3b48217133533f01146b702a12321d44604656593d25463c6d48325240382372417431
086f092a5c71645b695c0a08175d263148675e061d0b0226504c170a066976757274331b144f6b3d632c290a6c5a6b3d454c7710626f07404d6c005d453b5a
091147095d75695846735c521e3f476876161b3a1549006f522f52766711124966632e267715752959415d5e630664263b6f1b6344411b3450474b066b661d
0a210a03335254135e2208533745520a51343b4c5d325a4e6813471d143a090a140d161b39543d3a7640566c4063003e1a6b5b4b5b13013f5f54593d3b6502
0b5e1666072e38342a381d272054542452075c7733500b32685d303d25473465746c6b084f2c515a415301555b1c635b453f28583f5b6767392e26355d1a01
0c4b541b110a60561f20725816281f4c6e264139534649611125154d665b516165631f17455f5e0a4d615b73536424266634695c4b08292f3f5e1740223d44
0d0d720d0d0d0d0d6a0d350d0d0d0d0d0d0d4c4d1b64430d0d0d0d0d0d096a760d57570d2a0d0d0d0d4c0d0d0d0d0d0d72762f3d48454e0d0d265b0d0d0d28
0e0e0e0e0e0e0e0e0e0e0e0e0e0e0e0e0e0e0e0e0e0e0e0e0e0e0e0e0e0e0e0e0e0e0e0e0e0e0e0e0e0e0e0e0e0e0e0e0e0e0e0e0e0e0e0e0e0e0e0e0e0e0e
0f0f0f0f0f0f0f0f0f0f0f0f0f0f0f0f0f0f0f0f0f0f0f0f0f0f0f0f0f0f0f0f0f0f0f0f0f0f0f0f0f0f0f0f0f0f0f0f0f0f0f0f0f0f0f0f0f0f0f0f0f0f0f
103810631065101c1009105a100a3d020c00101010101039666f554a10101010100c1f275e3e2e6f7220462e2c68495b10101010105049777577713813642d
1102061e687762575915570c736a6f07665b51011d163310703b02411f1a2c3964313814081a26572926324067321f68483b3f144a1e21271f3730143e4f1b
1271201f1e0330690a53524e5a516b4e5816430a0b1022707561135b135056750921705303415a146a0c752924506d1c67020b666764580322441c74650910
133b6702733b690944153e3a2950630b674276520333454d374e07161672300b1a3877642432025411484e3d4a657525021d645b2e2d665f2143696821566f
142027545a4c761413422833325b65774f702547374e7113111302285f632d372f005b59072f5b7435585b676e532e2a7027324674722146741429275e085a
1548152a2b67724d5c436e0907163a1b1d3c5a5065503c1e072a766a572d6872426f306a3f5814473a6e2a3f57005029405724484659093d6a13140d641e32
16577050735f5a392e3f355b3c2a07283132707713102f4c0a55527041772d3a1046000b2e70306a431267445270531e2a3d0a2a40676a1e43310d07664430
17172917171727176a1703171717171717173957013b581717171717253b1366174e77172517171f175f4817171717176b28496f5d47251774281b17174c54
181818181818181818181818181818181818181818181818181818181818181818181818181818181818181818181818181818181818181818181818181818
191919191919191919191919191919191919191919191919191919191919191919191919191919191919191919191919191919191919191919191919191919
1a221a2d1a311a1a1a1a1a591a5c30471e4b1a1a1a1a1a0a55461a4a1a1a1a1a1a1e00491c1a1a1a1a6f5250063351531a1a1a1a1a09421a1a5135631a3c2e
1b5b484f3c51764c54637114741e280b47532f6720292475283f542738564948330973702f655a6b5b1b030a5a4474254f4946281a524f704758571c555f70
1c665c3b26504c01406e4d470a2a6d3e6b1f732e2e5b0070625d0c6a300730083d5d284a47481f6552424875202f3562081d6b32326b51164668427233150c
1d4d153d5e67341d743121473f1a702806233c3420446610516630153f1c3a11516d134a443130434e254f1c50331d3e264534252a59203473235f02723237
1e204f0a41296b5015312f403b460a45350a57574020752e5a314c71152b3d506655316a26082e3a67164c2400677333022d692a543c450c3b2a7053502128
1f3c2b3977333e52003f1f491c4800696548666e3b343c741102480b1e24095c326859434c2e5475090b753e6454150877016868283f581559401c251d4b06
202b77425772520c52152827275438745145472d0c5e1d42426f3d34082e4d03436b4138681f2b5f075a2037427122021216380c6f3d147510713c295e1e67
21214b752121312166216612211a32212121395e59464d5f4621213a4e711b4821654a210b212115211150521d212141540b6f67564540211c340121213b02
2222220b222222223e22652222224d222222252222223b4f59222222221d0a2a22636322622222222257220b712222224a2222693e2a4b2222411622222216
2323237023232323132323462301112323234c232323231a74232338236e3e2323766923232323232364244e5f232339012323234a472323234e0223235e11
243424632402242476244430247403490b310a2424245e4c7414243e24441403243316093d242424245c28274b2913063a2424114d396b24244f4654245053
250c576a384955020a2d3c123e32164f64140227095a2c226b67401a5b487277016c6e5c3156322a0842416534595348752d3b4d735b5756594e2542075745
2600333d754a50074b30204e2551392c564c01723c772039405f59123a2709223b08757508684d4e1531275f095962303e2e33290b5c762429016e5b0d5b61
273c1e2e3b455b47002e0b20134d43164a2938462a43543c68022a074b58232d59012e725f6a77520b2f6541355f381669500d451c680837732b0b4e60085a
282e5d32434e394d765a6a4d2943472e590869746a59690a432c423e164b12141b5a030a49026c6f3c291d1738346c691c534666332b005002263c1a376a11
2931480969293c673d71693917695f2c6f5724601b3107597445406d4c3927766d13036566476241401e3d711a730a42165e1a575e5d5f162146621f6f3b69
2a235916436248400b705c5800394b254b5a426148215e6309295e396122530b5c3f324d64424e485f2e5c406a11773e4167141b72142d3e74612043291746
2b2b2e4d2b2b2b2b542b0a2b2b2b2a2b2b2b731263561a1c452b2b2b2b016a3e2b0d432b582b2b2b2b442b54082b2b2b49486c126b74482b2b07332b2b2b6a
2c2c2c432c202c2c2c2c712c2c2c25292c2c2c2c2c2c572551132c2c2c2c4e202c477008292c2c2c2c2c2c745d422c2c2c2c2c12532e132c2c2c11722c2c23
2d692d322d712d2d3d2d2f142d072f1f6e2b762d2d2d2814283c2d2c2d53614d2d2f4f50662d2d2d2d4d65415d315474432d2d733a68022d2d0d17152d7572
2e42415d2f3e735d25252a3f101c5d120a151b56464c526c4033015b11666366172c712f2107726132283f722f5952544c5f5952404972691230251428773a
2f105f31343d06534d006a3c7033255d624668690b143a5a3029415f57353a4f0154473e111e533f342e3800435b3e6240495328393a52774d5745664c4f58
30015f424e6f1c681b6733162f1c401d062e58776d53071b4c730a706d491525770a1274131575601d3102240a4d721b6d665c420a3e2a381a5b5b342d575b
3153280730704b125d072a65576a683c60755e1207381e0b3c6a6f5326541a156a215d293f3826697547375a656e491b232641586776556965275212113c40
32530a341a02451f162608270c226267442071143117466b5c035e443f336d6345135014582e3a150c7426306c5c00392c28343b390b337607091d53242e3c
33305e65703c41684c630749670c0d156208447071437163166c6d5d06014a76001b5040292f4a4c236a292001280c654f5e140a766209416f55413b096176
342909335c574f136a57404d71542010682b0b096301343d6b5545341c4751590c72765b70240242424c20441d344d323e0d1e1502171e71526d133f5a442f
35350135353535350835493535353535353521554b6760353535353535726f41355e2a3533353535353f3535353535354d5a2757736545353549523535356d
363636363636363636363636363636363636363636363636363636363636363636363636363636363636363636363636363636363636363636363636363636
3734371d371f373737373737377111105a0037373737375b552e37373737373737725b24303737373737371214344e1c37373737374248373737444237373c
384b0c401d5b5865123072654766023f552040090c38101e06710c5921475f4f296d274e07151d0b257252205c3f225c6a260c1f1d4806411e632607722f0a
393a732f1316407002582967413c762f586e333f165f71301d735d2476350b3e2d0a5c3d69671c564068744e12665c29155d2d4851156407683c4911074372
3a515c672a744e3f662544281c12584509344546623a44137140413041640d0a6c3e72153e1c014661672f5a6a421c57573b153a581a74706232334a4c6065
3b662f6640413e456802084c26404f034f723368580858221d6776144d572e65027415525150544c1e6c733a0a034e543d566a4b753d1b4d3315505e2b2925
3c1d6348324a771a503f5111084f763a59305c4b093f390274134727406172630c653a460b33116e32562e6a10153d571245703302324224263b5d3c2f1329
3d4109763a56613c41656f43077127204b031b313b453b20153e49004731641e433248261a1e2e584e575a3422345102424465011170173207552421007555
3e3e40592f2a020c1c6215331d1e3802465a660c412a1e591f5f5e1c585f5857060c4844650c5d5449125f1d40554f1429470270031f717468654741417215
3f42480a3911002173405f575a4b25021b6f547364471f2f09681b345b1d76384c407008305f68573c1b1c2369096633690a4e604950383323641650464f30
402873752c4f5844424463462d31341f71201f707529081c5a382100711b5f707571444d545f696f461e301f75283b12636730682e2b0b733b2872586b3a08
412a1e5e21081e696c3958434320331f3f4103004b491e6672673a5716555d693b1d4b74336b2a1d2a073f315e5613134b113a4d4d291f2b1e150100375e57
423b35504b5a66731434594b4525713a011771695c720c714d4b39144c295173241c425311603e5156495e2646261155671457113b254a0874605262424573
43145b1b3f5e7755154a242e1d625347091e72087015125a340a202459533916471b59533e3f4f5a45372739470b1b2a0841102777471043644b0b13472e2d
4444684c5f71532037455f15335815751459344c00463848414e031c0a1a2f537640633e07663c4e014d2e0006660b302b75323d53334d4e5a752a4f3f1061
45336b1d071e5d30546b13253a5152663b7220634f681c40573f3b654d1b4956315c444a56401c240c74092a0b3f775d3109155b372a0743514a513a6e1b6a
46484651273b59273d40700355654127373972321e5d31133d14281d4576232f6631634d0946174a450154441b135c2435762351250a3e3765284d503e1f2c
471f52763e1f5766755c5b2101686810724a72645d60284e5e370224280c444a5c1e4028164e7215671c12516f71671c616e671d084d3e3a5d3801144e5820
484b013251241b136843014a583e641c1b5e1d201f6a143c0d136258250c3f08115a1e33215a4c0b443d4b0c5617250d1268676446490a00154f6512473f02
4926415e1d2f3a6a663d774a2a58465a58580d5b532669305f544d3d072900250269770709072a6070091e5c585539380303306f2b47315a5d4b0c4701124b
4a6d4f754e1e200d707630231c076a2b534128594d3c3c6a353c5208093e02493f593556400b492c0d2700112770014c5e074b333a095f402a390c13437140
4b5e63655d5d50112c335347334a28303b12422e4a5d4b34706b7426706b60481c30420c2e4b4a2f0b2857470032402e102902494d1b3a0b501a712b5f0854
4c1d394a2638632864555b2f766f6f5072552b69303a331a631f5c0b52292d2d2848532873165c5552070865504f320647415a136e442032444f5f1d2c0923
4d0d275d13445f466700450b424f35731a743d4754683c6652341b4e5e62732f7157305c423441323b402445742754315a3831305170032e1d6e686a6a5b27
4e68341212115f2f72103e51084f1b651b57594c76682a3b203d41414e5c263e412b670b695443636020774c0839661a272c3142770b2a1163661b484f0316
4f2469591a0028145048760126412813143b6a46581c5a54323b6a5b5053663776333a1050172f66460008083a48776157250b1209711225586d477358744f
500c6a4b59254c4f31341b5d6a260c24571f3d76274a12715731261f011b59671f515c1f4f484b671f322d5f592020631d1c483d463002244a4b5b65592822
516f640049522e3a0908465a5c394b223344034e14352351590b7350273c015c3b715f07421f6d26294d525c73404b6d10582103310903574c513d1e1b6a3f
522648654830022e75446565446a2b4345141262022d205d08655541275f595f1201131220733c6237394524676f4f6a6356541d51581531665172135a0a2e
5347095b2869684e035b563d721c7748250920691f4f4d72241a64673e5416357633470c394a2251635a546812335d381a1c2548145c265c3c2c0c0c313e4a
543b5173514c6e1f2f0147573e382f7132536912083e254277524a270a751e43744807502608630c324559622d071640111332137363392f692d4c39204c15
5555315574555a3b551f5555475555555873465452283f555575302d622055261b555511551606014a5500555506261f575d66382e555e2a1443555f306155
564156562e5646635665560b565a6f4c664956746256565f5611062e271656560056565656335e584b5d20496c646c6f143010565656564a481b564724252b
5754730849326b2128682f6a3f06627568513e322d3e1f49464a425e10594823704b414403646235653954353a22161e226e620c454a1e550c2e585c5b6f0b
5813531d1c3e3a2d165b723f74424b1c333d243a674e344b523a6070563f557452407448466216481c3134104657541f2817705103103c0312764c706b430a
596b141c605107261d08624f5f5b0849091b426a6428096351457554652b4c5715345c384110493e4367642f46531d1c1a202c443d323e313f304c5d770866
5a381a1b153d172552742c1b5534556b100040064b6e6614735b6f38522e3d42435d21631350693b4a6c212f0c256b2f481c4d1373501b124a531f663e1e2d
5b6a533e5e7407504e394c4e744077132e432b33326a1b5b3875123f52532714503f5644034f46446c4e50584c5e16532e4776071616493a44310c4a522a03
5c3869531b474a3c1c7213140d08151012674a4252124549094b2639515d0165104b265d345f2f1331174b2071635920380b694d44755e3711072a262e1b55
5d5e100b62321e491b4c434949755e343d451f1c5d1d5f7347214200597145415e68302501276b10423b212c6e004317712b5a59160b303a4127690a4b6313
5e27114d4551403c4d4a4c12665e303831576b446e0c5f300744021017690047650c6540663b135c2a274a1d1c231f2d6f75093d21205212511652395e560a
5f163175121232641416717458622d5c1e1209393432113d3d15025b08683c771c6065606a342d435e1251546e60434f0038732e75707268671609610a4372
60600360606020606760602560756060606058692851233360606040541f75606060696060606070604e26526060604a4e56566d372260601e4b6060601c5a
616161616161536161596138613c61616154611c616161276161525255466161616161616161613c6576636b616154012f556161616161614803616177384e
6270625f62622662422962416250570358036d5e6262623f6962351e4a4a4962622671626262623c414b584b10327663022c6262432762624e342c62505238
6376225c2545527600453463105e5b47732e623d023435580c574543235168435f733a132e69295c3a4d12743a7526471f454e591b29272e6f47591f64435a
64026454645464646c645328643d4122693c3864646452443c4364756400171664693d4f6b64646464564e683f54536e7564644c5a5c69646414075664754e
6511331c6016424146512654586825174e3b73654f73233d433442515c325a166a0a60440030270b08641152722f3a5c5d462d413e2f3501535c484b75621b
662e1b49152524602401323b561f774e26036909446430243b5e6775694926430113293839441546122721095e07661f3f2f52202f5c684a30710c5f3c1f31
67752d3a3a58154834421401383b164c7428450202084f28504e1e016f37671c26385c5d68212a58391d5a1d55424e070001650638763c415f5d4a3b15343d
686c273261114a5d446a1e64742d310c553451311d73033b6b423a4d37735a07600224143470627470382b7169174b3111454c5413650d4427273b70300100
692344475e45475a681f0c3168325c395b432748024b64631673566b14095d316a1c153a11395d07522f1d6325704d4140272a2142630154610c711e682f0d
6a4f4801421f585a723f755c614f3f3d3868315750115d40495b4d583e2f3f263a3e5a55236e0c734446162e1249700c694c712f0c2027737638762b5f426b
6b6b465d6b6b726b6f6b4d2d6b242d6b6b6b707673115b27506b6b255902665a6b53636b016b6b776b32296b626b6b4452652121084e306b396a586b6b2064
6c6c6c396c6c6c6c016c716c6c6c306c6c6c076c6c6c38082e6c6c6c6c281d716c44336c556c6c6c6c2d6c211c6c6c6c766c6c3460315f6c6c603d6c6c6c09
6d6d6d596d6d6d6d266d6d2a6d2d516d6d6d316d6d6d6d1f4c6d6d746d73666d6d563b6d6d6d6d6d6d722a501f6d6d4e496d6d6d6a5e6d6d6d11506d6d311f
6e6e6e6e6e436e1b6e6e106e3b6e6e65716e6e6e6e45396e264e6a6e6e6e2a003b156e6f300d736e6e6e6e6e60442a6e6e6e2d00311e43436e6e5f11106e6e
6f0c6f456f276f026f6f6b6f75531d2d17636f6f6f4a0b115739636f6f6f611444211d116752726f6f6f6f00201470426f6f0343424a1f2f6f6f0d3d216f49
70140b3d25716f4c00464a434f215c6865122d0d16221e3e1d451a110c29510d637456294d005e14742f5b622659260b561701723276516835730871655100
71201e4d3930700c0b120a430b555c2e4922132b1d175d446e226760106b257208436e1c2a38073f3d5f5e5a6016675d6c16094f4f4c7024294c147356555a
725771543056632b3f292a5a4b546a2a2c5a4a48532f135a331d6a1232504e29276a3e296f5f593f29235e205d1c29155c71661065473559743f07394e3309
733a564a0968392451625931635c2926005b1b2c0b4a2b21713b2548734346114c473c313872231e154d504a290239454a0a1e7553251e286933594a43540b
741252094f3874324a1f76734976130a20333e651e4f4d542939493d4342515546674a1b34646c3a50020b125f1f7160583a33342b00156273315330340707
757411371446413a2870003813287666086d0a25322a01673c5971005d0b1120653173094b700a2a3e451d3e0c4d7663686a214b422d3b6c2f0a6d0b116b28
763b1e383f29120b6d503d664456642528271e0d3a166c753f154221494d2b401200313230536e4f2f09533e3c6a57553c264c345c027739296a4d2824583b
7777304f776e777775770b775b77535877770d4b74011b4347007777772f133e00531f4f40775b77777077323b4977775b606169643c623a77111b1e777739
27576	3236	8420	25332	8682	29364	22280	29030	22118	20622
27196	23218	22970	17400	14856	6312	1340	17450	15354	15530
29202	26760	20834	11966	3916	18616	12822	12220	28534	13692
6282	29374	6980	10116	29960	28790	2066	27384	29590	15468
30526	29412	29074	24560	11692	24144	21932	11650	18040	8346
21350	29572	11590	23494	13046	11120	10058	25904	27090	1726
19286	20774	10582	16624	2828	6754	25820	20822	25460	28318
21616	7460	5978	9206	16450	30068	18990	26044	28638	5156
30302	25426	5758	9194	29092	10380	19546	17040	1820	2414
15206	28340	1978	14986	3864	16500	2074	15050	15190	862
5642	12630	18524	19678	5852	18878	480	20948	23580	5314
27154	9514	4836	3696	25474	30238	10958	25808	28522	21420
368	26256	10574	11324	3282	20996	23278	13450	11898	4228
30454	74	28458	15212	7020	20082	15110	3676	4846	9130
8408	29314	8436	1160	20026	8266	25968	17464	14574	8784
25176	1480	16378	458	27352	25544	23630	27010	10566	7910
28494	14184	23354	20392	30404	2538	1774	25850	8946	8738
4256	8292	22118	6330	19882	4280	21092	22354	27928	19026
9400	15438	22694	11588	18808	21378	314	22734	7770	13216
28600	16304	7588	1158	21308	2064	13916	27002	14214	6954
12536	27508	16876	1374	26932	20448	14710	28040	4232	5920
2570	22368	878	2250	272	996	28844	9018	322	17564
27062	15534	13388	10090	16304	21520	1264	10450	17890	11104
22040	12514	10080	29706	11428	4056	20290	27678	5608	6454
16340	20354	25484	15942	30144	10856	26786	25578	24936	15518
17556	25964	4774	1678	21558	8692	19614	18776	14126	19028
24040	24472	1228	15266	6256	26506	82	1298	4382	7710
752	12628	1404	12646	472	20160	19222	15736	14508	5604
6516	8846	24756	3160	21764	24276	14830	15800	2722	4838
1368	2762	18818	7110	15396	4148	25992	5364	8008	10510
16848	24912	6318	12534	16312	30428	28622	24970	19238	14818
26570	29922	23480	27404	6362	28016	11030	6856	12630	21106
1270	1130	8398	28760	24382	14386	3538	15814	21258	23902
10664	19142	7690	15302	25746	19344	14796	7218	7718	22322
23896	29522	30428	20300	23066	26680	21002	26782	2486	19276
1908	314	10214	7340	934	12812	6200	4282	24032	9732
26958	26870	26716	14896	25032	29508	28498	1780	1288	8116
2630	4404	916	14326	22036	6888	3960	104	17412	19132
29532	2530	27302	7074	13254	174	19126	24008	26912	18444
10148	25066	4816	27182	26390	18444	28116	20510	12268	5494
936	14350	28282	26104	14660	8138	25302	4622	15056	12312
18012	25492	9190	13006	8082	18080	15068	27278	22694	10364
30498	1626	14508	23532	29462	17540	22848	19476	12372	26718
1970	934	27942	16854	20426	19928	12634	12642	29924	15174
2346	13524	26490	5824	15826	8928	14118	27032	8600	21654
15070	12770	28142	13198	25558	14318	11400	28858	11044	9694
9466	17594	20016	5286	24776	13320	18962	12038	7498	23268
22852	25250	24950	23682	28794	13278	5920	2478	20618	13648
8542	16700	12188	11174	3798	14136	29256	22822	4286	8610
29120	11510	23322	17544	24890	21222	14866	12180	16084	29584
16932	27984	19256	6818	8132	10234	23106	9318	2634	30548
30026	4330	17548	24602	11736	18008	8340	20108	8306	30004
19524	5448	4592	18122	3688	14026	2278	6230	12126	28858
14726	8084	2152	8738	852	10266	19766	10602	20618	19112
2406	434	11296	10254	28586	4582	23384	15728	6008	9584
3852	2098	28850	15058	582	23464	25670	18224	27316	26934
18996	27072	840	7406	21296	1668	7028	9802	26074	9460
13256	5382	7428	26690	23324	29858	23602	15768	8612	18010
25950	15206	24076	13198	22696	10906	540	22734	17022	3590
18762	12084	27672	8762	3086	25988	14360	5732	13750	26588
12248	30500	5970	26000	23878	3366	29070	14882	5022	3910
1822	9050	11168	2456	12472	822	12496	5912	666	11626
1918	29756	15510	29806	20364	16818	1670	2832	18498	13116
24202	6128	15208	14702	16922	15744	1998	1580	19736	26698
26252	15388	20690	5024	302	20968	1196	10852	29400	22250
8620	18298	9522	25724	22492	10598	28718	8972	18752	560
13912	9274	8350	2552	30380	2962	14326	2242	18632	24266
14746	19292	6546	12926	1452	22354	7528	22224	20400	13006
2176	27880	15130	9718	12020	6676	11180	24840	13960	14134
29308	21118	16268	3882	25322	24286	11500	14458	9618	15178
3314	5926	29762	25070	9034	29688	16738	17766	19800	12414
4840	24206	2690	266	22606	15302	17628	12008	11990	5282
17996	8264	19282	5732	15776	30344	8372	4582	25200	15904
27208	23006	11656	29164	17016	30224	24404	14158	29018	9934
30066	21940	9402	16416	30114	18520	15508	4004	8030	11938
20840	23784	10786	6032	18574	19794	7122	22916	10888	15566
4222	12986	11580	25670	13386	14508	17424	8484	2154	17478
12500	18268	4286	12530	24530	8812	12472	15146	21000	7748
896	1652	1224	14354	14000	640	7902	6782	20460	2012
21814	22694	24678	19622	12136	24850	12928	30310	7920	9478
4158	6110	15584	2758	6094	602	6952	5568	20380	24536
18286	27958	18900	30288	4770	21132	6594	24746	11172	3366
29260	11538	27852	8436	29322	28508	28804	22732	19470	15830
23686	8168	20100	16210	6986	15030	11194	27300	3312	27354
21548	27666	28784	6126	27262	18628	19674	10850	19472	26822
3356	16210	12476	27182	11712	940	11086	10120	12828	22514
16710	25196	5196	25226	29464	1508	29846	16562	550	3414
25794	19408	4690	14714	25466	7138	27414	1810	178	28884
11622	25798	2862	22024	14512	18676	15534	15136	14624	4596
20076	27862	23312	14640	12584	7394	944	15392	15666	304
21550	17776	22364	4408	8692	14854	24232	4698	25788	9994
20394	13246	22930	18862	9890	29996	23058	9188	16524	20742
12396	29608	27024	13492	2264	26062	11578	7792	15164	29078
2102	21378	2948	29376	476	21490	30498	4780	22798	4988
1594	4156	28804	11070	21368	11448	5130	18834	580	16136
20376	3708	27066	20660	22116	16318	12190	1202	25578	5392
20102	21278	7572	13296	1130	20904	24994	2914	27842	30648
1356	13944	1968	216	1620	24792	26610	17220	14754	29928
6230	19216	29520	26652	10120	12648	6792	12538	25298	29914
14326	25606	13950	10652	1550	2220	16530	66	4942	20546
13324	13324	790	782	1072	1072	11274	13844	14128	1330
8748	1382	1300	21554	11528	14094	11286	18182	9004	9004
1542	11552	18450	11782	11782	14512	4108	4108	3884	3872
27270	7086	6958	6700	4142	1584	1584	4138	4138	6678
6686	27660	6444	6450	6022	3402	3372	3610	3610	13328
13328	3444	6184	6184	6176	8988	13774	3338	3338	6154
6154	6192	16162	18452	18730	8904	25900	5654	5936	8498
1062	1062	21268	21276	11560	21618	22000	24614	11564	13864
13832	3634	13834	3632	3368	3340	3632	1066	3634	1064
21354	21252	21554	21554	11304	11304	11032	1064	13834	1066
13832	25626	25634	3362	28132	27896	24866	3860	13838	3862
13836	7696	7726	19754	19494	17166	22020	24876	24876	3874
3596	3872	3598	24876	27694	3590	6428	3588	6430	26434
26664	23854	24082	21274	14394	4268	4136	3884	3884	6436
3886	3886	6438	20526	20786	15834	15380	25634	25634	3344
6164	3618	6166	3616	17158	27438	27438	27660	27660	27668
27944	6434	6156	6432	6158	4108	4140	6700	6700	9246
9246	28202	28202	6270	1038	6270	1036	11534	8972	8972
6158	8974	8974	6156	3354	28078	27946	6650	8982	6648
8980	23842	14620	21258	21258	18562	28420	8754	6152	8752
6154	8662	8752	1050	8754	1048	24600	21764	21764	11022
11312	1072	11314	1074	29224	8216	18950	18990	11272	11272
13874	11274	11274	13872	21020	21278	21298	21278	21522	21522
21542	21784	14114	13836	14112	13838	9742	2068	6918	6934
4116	4116	4124	14112	3862	14114	3860	27432	4130	3884
1550	3886	1548	29454	19492	19492	17200	17200	27150	27432
27432	6712	6696	6444	1548	6446	1550	9360	9258	9004
1580	9006	1582	9740	2094	2094	12044	14598	21028	21298
18460	18452	8726	9000	8724	9002	22042	22042	21788	11050
11022	8474	11284	8738	11286	8736	5914	5914	28422	28422
18654	18704	11554	11286	11552	11284	22562	22574	17456	17430
25114	24990	24804	24608	14120	14120	11288	14122	14122	11290
29710	30000	27346	4386	4140	4140	1564	14124	1566	14126
24352	14370	14116	11558	14118	11556	22834	22574	17818	30472
30472	6670	9260	1574	1574	11550	1572	1572	11548	4272
4116	14514	11816	11556	8998	11558	8996	23576	26116	16144
16142	18730	18730	8718	11540	8716	11542	28676	18710	8656
11218	13580	11050	22054	13574	24878	13870	1294	13868	24872
13870	1292	13868	24874	13870	1294	13868	24872	13870	1292
13868	24874	21008	16138	18448	18480	18480	28634	28376	28154
27692	27690	27676	3866	1326	3864	27678	3866	1324	3864
19728	19460	19460	22308	22308	17430	25100	27662	27654	27950
3610	3366	3608	6408	3610	3364	3608	6410	8722	11306
1034	8746	1290	3602	1288	8720	1290	3600	1288	8722
8744	1032	11304	8720	9262	6832	27880	27670	27680	27688
27930	3338	3338	13608	13572	1046	1322	1044	13574	1046
1320	1044	21270	21270	18704	21730	22000	24622	24610	22052
24840	13850	13606	13848	3848	13850	13604	13848	3850	20252
9492	9492	30474	6676	6676	27696	27660	3850	24854	3848
6448	3850	24852	3848	6450	21296	21296	21296	18654	18482
28650	28376	27926	28200	30514	27948	27948	27920	6174	1314
6172	27922	6174	1312	6172	5718	794	5928	794	3376
3376	3346	3362	6174	27922	6172	1036	6174	27920	6172
1038	7944	7944	19478	10784	10784	22046	22046	11034	22040
13590	1038	3334	1036	13848	1038	3332	1036	13850	15396
30670	6834	4272	24770	24584	24620	24620	13870	24874	13868
14104	13870	24872	13868	14106	23598	23588	23826	23826	16620
16682	19128	21790	21808	11016	11036	13842	1290	13840	11038
13842	1288	13840	9646	7086	4528	24364	24344	24608	24586
4110	3878	6682	3876	14116	3878	6680	3876	14118	25590
17806	30412	27434	6660	6668	4116	4112	3870	1302	3868
4114	3870	1300	3868	23566	20962	12206	1980	9222	9260
6676	6672	6430	1294	6428	6674	6430	1292	6428	26894
27176	27176	7084	1982	9392	9236	9258	28202	6410	27934
6408	9008	6410	27932	6408	9010	16782	16538	16270	16092
15914	28458	28458	28190	28200	28430	6170	5926	6168	8968
6170	5924	6168	8970	25870	25898	28428	5930	5896	5896
5916	8722	1290	8720	5918	8722	1288	8720	23578	23578
26284	28970	28962	8460	8460	5904	5928	5892	1070	1306
1068	5894	1070	1304	1068	21194	18480	18462	18462	18926
8640	8464	11018	1046	13574	1044	11288	1046	13572	1044
11290	21512	14512	11954	11820	11798	9236	9232	8990	1326
8988	9234	8990	1324	8988	21790	11218	8658	18924	18652
18440	18462	8750	18714	8748	8984	8750	18712	8748	8986
4274	14568	21730	18924	18728	8456	8476	11282	1290	11280
8478	11282	1288	11280	18694	21746	21520	21544	11270	1310
11268	21546	11270	1308	11268	7172	7210	27146	6942	4100
4100	4126	4108	4108	4104	1578	1294	1576	4106	1578
1292	1576	24256	24096	14340	14340	12008	18468	18482	18482
8970	28454	8968	11568	8970	28452	8968	11570	4142	14512
21702	18926	18708	18436	18710	8730	8486	8728	11528	8730
8484	8728	11530	18140	12210	21106	16138	18460	18452	18704
21542	11310	21794	11308	11544	11310	21792	11308	11546	28422
18652	11874	14514	21514	21540	14350	14118	4122	14116	11556
14118	4120	14116	11558	14342	14342	14372	14348	14344	1586
1302	1584	14346	1586	1300	1584	28174	30476	27946	28194
28194	28208	6442	30510	6440	6164	6442	30508	6440	6166
9492	18050	15758	26086	5930	5930	3354	5898	5908	1058
3594	1056	5910	1058	3592	1056	11216	13778	862	3348
3360	3634	25106	3632	1064	3634	25104	3632	1066	11780
9394	6832	27862	27672	27672	27688	3882	27430	3880	3604
3882	27428	3880	3606	4884	26874	26670	16878	16660	16938
21764	24822	25076	27672	27462	27674	24868	3598	25130	3596
3872	3598	25128	3596	3874	4110	6832	9398	9266	9266
9266	18294	9264	9220	6434	30470	6432	8980	6434	30468
6432	8982	25644	5900	5900	5910	3368	3344	6154	8754
6152	3346	6154	8752	6152	23562	19478	10774	10766	11034
22158	11024	11024	13600	13874	22066	13872	1072	13874	22064
13872	1074	23854	23854	24292	4530	27330	24586	4138	4144
3862	13838	3860	4146	3862	13836	3860	4856	14638	4524
7160	6706	1914	4128	4116	3886	27414	3884	1548	3886
27412	3884	1550	2092	2092	12208	21194	18482	18234	18474
18462	18472	8726	6178	8724	18474	8726	6176	8724	6106
28838	8470	5928	1042	798	1040	8712	1042	796	1040
8714	9270	6830	4272	24770	17050	24614	24608	14122	24350
14120	13844	14122	24348	14120	13846	28654	28398	9394	11952
14512	4410	14376	14342	14368	1558	3846	1556	14370	1558
3844	1556	4272	4116	6832	9530	9260	6676	6446	30494
6444	1580	6446	30492	6444	1582	16606	16402	16366	21186
21038	11804	18458	18482	18456	18482	18482	18456	9006	1574
9004	18458	9006	1572	9004	15596	15758	16112	18482	18440
18474	28428	8718	28690	8716	8992	8718	28688	8716	8994
536	536	5842	29144	18728	18728	28692	8456	8456	11286
18954	11284	8736	11286	18952	11284	8738	15758	16026	16346
28956	18910	18724	18708	11278	18970	11276	11552	11278	18968
11276	11554	29214	16794	24080	21536	21536	21540	14086	24362
14084	11564	14086	24360	14084	11566	11048	8656	6082	28648
28376	28168	30504	27680	3630	1326	3628	27952	3630	1324
3628	27954	6446	27952	3630	1326	3628	27954	3630	1324
3628	6444	19180	8656	786	6096	3354	3370	3370	3372
3372	25588	3374	3374	3610	1306	3608	3364	3610	1304
3608	3366	6178	3364	3610	1306	3608	3366	3610	1304
3608	6176	6818	6838	27858	25076	13776	13616	13602	13584
860	13586	13602	3602	1290	3600	13596	3602	1288	3600
13598	1042	13596	3602	1290	3600	13598	3602	1288	3600
1040	20762	12046	14764	4524	27308	24804	24850	24850	24876
24986	25068	13758	3614	1322	3612	24880	3614	1320	3612
24882	13846	24880	3614	1322	3612	24882	3614	1320	3612
13844	18124	30676	27938	27652	27950	27950	3630	3866	3628
6148	3630	3864	3628	6150	6446	6148	3630	3866	3628
6150	3630	3864	3628	6444	28124	6406	6150	1326	6148
28184	6150	1324	6148	28186	6404	28184	6150	1326	6148
28186	6150	1324	6148	28650	28462	5930	5936	3524	5938
1074	6162	8722	6160	3600	6162	8720	6160	3602	1072
3600	6162	8722	6160	3602	6162	8720	6160	21724	21540
21962	21810	21782	11198	11286	13854	1054	13852	14128	13854
1052	13852	14130	11284	14128	13854	1054	13852	14130	13854
1052	13852	13802	24868	24820	24804	24586	4110	4126	24788
4124	14102	3870	13830	3868	1584	3870	13828	3868	1586
14100	1584	3870	13830	3868	1586	3870	13828	3868	12590
9760	9772	7162	6686	4142	6678	6678	6702	4306	6700
1566	6438	8998	6436	6680	6438	8996	6436	6682	1564
6680	6438	8998	6436	6682	6438	8996	6436	24602	24866
24826	24616	4144	24518	4146	3870	1302	3868	4112	3870
1300	3868	4114	14102	4112	3870	1302	3868	4114	3870
1300	3868	14100	13344	25262	28042	28364	9392	9252	6438
1286	6436	9240	6438	1284	6436	9242	1566	9240	6438
1286	6436	9242	6438	1284	6436	1564	9512	9394	9238
28188	28202	9006	6190	1318	6188	28432	6190	1316	6188
28434	9004	28432	6190	1318	6188	28434	6190	1316	6188
7960	8414	8660	8470	8458	1062	1298	1060	8452	1062
1296	1060	8454	8718	8452	1062	1298	1060	8454	1062
1296	1060	8716	5150	5410	26544	16312	18672	18468	11780
11554	8986	1554	8984	8748	8986	1552	8984	8750	11552
8748	8986	1554	8984	8750	8986	1552	8984	24612	24826
24592	24512	24594	14086	13830	11310	13828	3868	13830	11308
13828	3870	14084	3868	13830	11310	13828	3870	13830	11308
13828	14774	11872	18458	21488	18458	8986	1310	8984	18476
8986	1308	8984	18478	11554	18476	8986	1310	8984	18478
8986	1308	8984	11552	5604	29144	18888	18696	21474	18710
18696	21474	18698	8750	1310	8748	18712	8750	1308	8748
18714	11566	18712	8750	1310	8748	18714	8750	1308	8748
11564	17612	24850	24804	22002	21810	21508	19180	21510	14130
1330	14128	21524	14130	1328	14128	21526	11314	21524	14130
1330	14128	21526	14130	1328	14128	11312	6100	28650	18632
11954	14518	14364	14350	14110	1310	14108	14352	14110	1308
14108	14354	11542	14352	14110	1310	14108	14354	14110	1308
14108	11540	27408	25038	2068	2068	6916	6916	29962	27482
27432	6678	27658	27674	20266	17788	25092	27910	12038	9492
9238	30696	27918	27918	25364	3342	3342	2078	4528	27210
17162	17306	22282	24848	13600	24850	13602	13592	18436	28774
5656	8458	850	13518	25368	25312	19730	17182	17558	17884
30606	6420	27914	6422	27912	8206	8660	6118	6356	27926
6358	27924	4268	6750	30700	28400	6354	3344	6352	3346
4140	6750	30680	28378	25780	5930	3376	1034	3378	1032
11226	1032	13618	1034	13616	17242	22214	13872	13590	13874
13588	24802	24850	13864	24848	13866	970	13516	22492	22062
25024	3854	25026	3852	17570	27852	3852	27854	3854	28438
28314	30494	6404	27668	6406	27670	18924	28910	28648	25622
28200	28118	27660	28116	27662	19978	17428	17902	25570	3342
27928	3340	27930	7454	7446	26894	26894	27170	17116	19466
22062	22322	13772	3368	13774	3370	16932	24622	22060	24870
13600	24868	13602	20262	30472	17682	27856	24866	27858	24864
18378	9392	30680	15364	28112	25130	28114	25128	12328	12076
9476	9476	30698	17844	25370	25110	3372	25108	3374	8744
5914	8746	5962	966	13332	13602	25112	13600	25114	21274
14434	4278	24804	25000	25120	25002	25122	12822	23008	22748
25264	27654	25266	27652	722	13522	25588	17902	30602	30496
30496	30496	30266	30498	6440	27654	17710	27652	6442	27654
17708	27652	26402	26210	26154	26154	26088	23062	25620	25620
28200	6408	27934	25618	27932	6410	27934	25616	27932	24770
27600	6830	30680	15530	28168	27954	3630	27952	28184	27954
3628	27952	28186	23266	25350	25406	25366	25366	3374	3618
3372	25608	3374	3616	3372	25610	19402	19210	11240	11028
1066	3634	1064	780	1066	3632	1064	782	17368	22290
22256	11016	784	784	13378	13586	3594	13584	812	13586
3592	13584	814	7096	27344	17358	22200	13856	13614	22306
13612	13858	13614	22304	13612	10416	13070	22752	22498	22302
22302	24862	3634	24860	22036	24862	3632	24860	22038	13546
22492	22034	22034	24646	24882	3614	24880	24604	24882	3612
24880	24606	10230	10008	30174	30218	30286	27424	27406	27674
3606	27672	27428	27674	3604	27672	27430	19180	11220	11040
22242	22496	17608	17648	17746	17446	17456	27928	27694	17422
27692	27930	27694	17420	27692	27186	4116	4116	27626	17628
17882	25370	25370	13360	3342	3626	3340	25352	3342	3624
3340	25354	21528	21810	11222	8542	11058	11058	3356	13598
11038	13596	3358	13598	11036	13596	5846	3276	13520	22454
22330	22290	17448	24838	3626	24836	22284	24838	3624	24836
22286	4388	14382	4154	27440	27440	4206	27410	27410	24874
3590	24872	27420	24874	3588	24872	27422	13516	13360	25426
27940	25118	13350	25116	27942	25118	13348	25116	15620	28430
25774	25380	25718	25108	3374	25610	3372	25110	3374	25608
3372	26634	16432	29194	18974	18974	8406	5836	792	792
818	25116	13586	814	13584	25118	13586	812	13584	17902
17412	17412	24844	25130	17690	25128	24846	25130	17688	25128
22278	22278	22594	17448	25098	3606	25096	17440	25098	3604
25096	17442	21278	18738	18668	28634	28398	30702	30594	30640
6406	9254	6404	27696	6406	9252	6404	27698	3090	3090
854	11258	11122	22040	22054	22048	13838	3862	13836	22050
13838	3860	13836	7982	19220	19220	10774	11042	19354	22066
22024	13588	13874	21782	13872	13590	13874	21780	13872	29480
29480	7944	19506	19506	10984	10772	968	784	796	1050
8470	1048	3344	1050	8468	1048	3346	2840	23102	25620
25650	25650	25628	25750	27924	6158	28426	6156	27926	6158
28424	6156	28178	30700	17682	17686	25120	27682	30242	27680
25122	27682	30240	27680	18226	17958	9258	28210	9382	30530
28176	27944	6414	9246	6412	27946	6414	9244	6412	21920
24770	24610	27474	24600	24586	24586	24588	3854	27658	3852
24590	3854	27656	3852	9762	9762	6946	30224	30224	27602
27402	27418	24584	17184	24746	17186	24850	13582	24848	24612
24850	13580	24848	24614	28678	5656	8458	786	6110	5936
1034	13618	1032	5938	1034	13616	1032	18196	28436	28420
28420	5922	5902	5898	6186	5902	6184	27908	6186	5900
6184	27910	11040	11040	22242	22020	22062	24870	25114	24868
22020	24870	25112	24868	22022	28956	18708	18708	8656	11050
910	808	784	13578	25126	13576	800	13578	25124	13576
802	3104	25374	13426	25494	13328	25092	3362	3086	3360
25094	3362	3084	3360	11796	11796	18194	9312	30514	6698
30474	30542	27936	27662	30222	27660	27938	27662	30220	27660
12300	9770	20260	30230	17692	30700	30482	30414	30480	6422
3598	6420	6704	6422	3596	6420	6706	27682	6704	6422
3598	6420	6706	6422	3596	6420	27680	29960	17172	17424
24856	17418	24858	17416	27410	17376	27408	24586	3882	3606
3880	24580	3882	3604	3880	24582	24870	24580	3882	3606
3880	24582	3882	3604	3880	24868	9908	30412	17538	22514
22256	22064	10942	22064	13834	3634	13832	11024	13834	3632
13832	11026	13578	11024	13834	3634	13832	11026	13834	3632
13832	13576	17668	25516	25646	25758	3262	25638	3370	6194
1058	6192	27940	6194	1056	6192	27942	3368	27940	6194
1058	6192	27942	6194	1056	6192	30696	28168	30514	27950
6442	6166	6440	27652	6442	6164	6440	27654	27948	27652
6442	6166	6440	27654	6442	6164	6440	13528	22514	22720
17608	27434	27674	3606	27672	27428	27674	3604	27672	27430
24850	27428	27674	3606	27672	27430	27674	3604	27672	24848
29108	19106	21922	22048	22048	13858	3606	13856	22028	13858
3604	13856	22030	24878	22028	13858	3606	13856	22030	13858
3604	13856	24876	30424	17902	22712	13512	13418	13582	3350
1066	3348	25104	3350	1064	3348	25106	13580	25104	3350
1066	3348	25106	3350	1064	3348	5904	5930	994	5928
5906	3370	6194	3594	6192	25624	6194	3592	6192	25626
3368	25624	6194	3594	6192	25626	6194	3592	6192	28354
30652	6442	3618	6440	30508	6442	3616	6440	30510	27950
30508	6442	3618	6440	30510	6442	3616	6440	27948	14596
12264	18226	18122	30668	17850	30478	17714	27654	3618	27652
17708	27654	3616	27652	17710	27910	17708	27654	3618	27652
17710	27654	3616	27652	27908	17882	17674	17674	27694	3626
27692	17420	27694	3624	27692	17422	25126	17420	27694	3626
27692	17422	27694	3624	27692	25124	28164	25780	6098	966
13528	22278	24838	17422	24836	3624	24838	17420	24836	3626
25094	3624	24838	17422	24836	3626	24838	17420	24836	25092
8202	10954	13492	784	3354	13586	25118	13584	1056	13586
25116	13584	1058	3352	1056	13586	25118	13584	1058	13586
25116	13584	20506	20264	15598	25590	25350	13362	25350	3342
3626	3340	25352	3342	3624	3340	25354	25122	25352	3342
3626	3340	25354	3342	3624	3340	25120	20006	20240	30430
6906	6414	6904	6412	18330	9396	6432	9398	6434	20746
20746	17940	18218	28366	6446	28364	6444	25358	17846	30506
15376	30504	15378	15398	30644	15396	30646	966	6096	6178
25630	6176	25628	18158	9000	18410	9002	18408	27184	4282
2028	8972	11958	8974	11956	6096	28514	18414	1560	11982
1562	11980	15938	21154	14780	1558	2010	1556	2008	5930
25772	25506	17880	17630	6694	27606	6692	27604	12506	20674
28172	15536	28174	15538	18708	28854	16108	15646	28208	18190
28210	18188	11954	6670	1980	6668	1982	19932	30186	27656
30422	27658	30420	28152	25738	28154	25736	9944	30700	20408
30702	20410	25776	15542	30512	17928	30514	17930	5680	962
800	3276	25454	30670	17902	30668	17900	30672	9704	30674
9706	9494	18142	15540	25780	25608	6166	6442	6164	25610
6166	6440	6164	18534	18518	18380	18200	28178	6446	28176
18202	28178	6444	28176	12212	12046	18196	18196	9266	17934
9264	8980	9266	17932	9264	8982	19992	19992	30424	9564
12044	1814	1814	1854	1824	9254	6406	9252	1826	9254
6404	9252	28710	18674	12010	1806	1796	1796	6690	9482
6688	1580	6690	9480	6688	1582	17900	30428	30326	27626
3874	24846	3872	6704	3874	24844	3872	6706	20246	20586
20322	15540	15408	15408	28170	17954	28168	27944	28170	17952
28168	27946	11992	18196	18196	18278	18220	9226	6426	9224
18222	9226	6424	9224	14824	2084	12260	2038	1812	1800
6682	6438	6680	1802	6682	6436	6680	28458	18392	18142
9648	30226	30248	27670	17702	27668	6696	27670	17700	27668
6698	11018	22258	22422	22770	25388	17846	17790	30490	30254
30488	27912	30490	30252	30488	27914	18480	18318	18050	17950
17950	28178	18202	28176	30492	28178	18200	28176	30494	16026
15854	18034	17968	18074	17932	9266	6434	9264	17934	9266
6432	9264	29622	19492	16926	17388	27602	30224	30248	30248
30252	30490	6422	30488	30254	30490	6420	30488	26646	27002
4526	6970	30256	9578	30228	30218	30244	27698	6406	27696
30246	27698	6404	27696	26402	23576	26292	16058	15910	18182
28558	18182	18220	9002	6178	9000	18188	9002	6176	9000
18190	21286	14520	14470	11564	9004	1574	14374	1572	9006
1574	14372	1572	11566	14570	4276	4134	4262	1806	1822
1822	1558	14370	1556	6692	1558	14368	1556	6694	16342
16104	28430	15782	28450	28422	28448	6186	27910	6184	28450
6186	27908	6184	18668	28438	28438	28444	28420	8972	28190
17926	28188	8974	28190	17924	28188	12840	12586	12586	12292
20242	9486	12386	18034	9518	6700	9262	12058	9260	6702
9262	12056	9260	23320	23320	20704	20308	30258	30236	30226
27656	6686	6962	6684	27658	6686	6960	6684	9662	9484
9634	30472	6678	6954	6676	30474	6678	6952	6676	15514
15390	15368	27938	27662	27936	15370	27938	27660	27936	24622
27586	30418	17844	17790	27916	30478	17962	30476	27918	30478
17960	30476	30424	30222	9518	9236	30486	20230	30484	9238
30486	20228	30484	12468	17930	17930	17948	17948	9222	17946
9220	6668	9222	17944	9220	6670	21706	14364	11992	18226
18226	8982	6158	8980	9264	8982	6156	8980	9266	28202
9264	8982	6158	8980	9266	8982	6156	8980	28200	21778
21730	14516	11954	12210	1810	9238	1582	8966	1580	6688
1582	8964	1580	6690	9236	6688	1582	8966	1580	6690
1582	8964	1580	18672	11908	1798	1834	1550	6406	1548
4128	1550	6404	1548	4130	6678	4128	1550	6406	1548
4130	1550	6404	1548	6676	25646	25646	28206	28442	28204
6408	28206	28440	28204	6410	6162	6408	28206	28442	28204
6410	28206	28440	28204	6160	17646	17882	15598	25620	15410
17962	15818	17960	17938	17938	28174	9266	8982	9264	30468
9266	8980	9264	30470	28172	30468	9266	8982	9264	30470
9266	8980	9264	19186	21730	14514	2026	7088	1832	6678
1550	9254	1548	3884	1550	9252	1548	3886	6676	3884
1550	9254	1548	3886	1550	9252	1548	21734	24346	24784
27430	24844	27396	27662	3874	6706	3872	3596	3874	6704
3872	3598	27660	3596	3874	6706	3872	3598	3874	6704
3872	27398	24846	22774	17814	25108	17708	27910	27654	30510
27652	3616	27654	30508	27652	3618	27908	3616	27654	30510
27652	3618	27654	30508	27652	17710	25110	22452	17430	17902
17670	17672	20444	17674	27946	6414	27944	15384	27946	6412
27944	15386	30514	15384	27946	6414	27944	15386	27946	6412
27944	30512	6082	28650	18392	18184	18184	12280	18186	9262
28178	30494	28176	8964	28178	30492	28176	8966	9260	8964
28178	30494	28176	8966	28178	30492	28176	12502	9504	1982
9504	9478	6690	6446	6688	9480	6690	6444	6688	9482
9258	9480	6690	6446	6688	9482	6690	6444	6688	9256
18120	20272	17706	17706	30258	30252	27588	30254	6694	30482
9254	30480	30244	30482	9252	30480	30246	6692	30244	30482
9254	30480	30246	30482	9252	30480	18586	28734	6014	6192
6012	6194	21486	18652	28666	28722	28664	16014	25870	25786
15656	25784	8388	1042	1000	1040	7970	5494	29222	8410
8676	8712	28702	8714	22512	13400	3162	26030	28444	28720
28446	28956	16194	21188	8992	18402	8994	20722	23228	6022
26102	6020	8698	5920	28684	5922	13506	3276	23230	28188
15816	28190	12678	20550	28202	15856	28200	9654	30672	27924
15370	27926	21940	21764	11082	3536	976	3538	19050	5962
8570	5960	30670	15580	25606	15658	25604	30478	20764	16110
25950	3088	25970	3108	6194	25626	25394	25624	5908	25626
25392	25624	5910	6192	26158	5846	28806	28686	28702	28702
8724	5934	25630	5932	8726	5934	25628	5932	15600	15834
26028	28922	28462	25874	28460	8752	28462	25872	28460	8754
18362	18306	18208	28426	6158	28424	18210	28426	6156	28424
19462	10520	22320	13528	13394	3320	3116	3354	6186	3352
3118	3354	6184	3352	13264	23230	26032	25900	25900	25864
5902	6186	5900	25866	5902	6184	5900	7128	30424	17900
15596	15388	15840	15648	28450	6186	28448	15650	28450	6184
28448	9494	18122	18082	15364	15392	25610	6166	25608	15394
25610	6164	25608	25514	25356	15376	15404	27926	6158	27924
15406	27926	6156	27924	21002	18262	15838	15596	25528	25384
3374	6166	3372	25386	3374	6164	3372	17450	22774	13506
3284	3096	3112	3076	5910	6194	5908	3078	5910	6192
5908	26402	23776	16090	15832	15646	15646	15640	25650	6158
25648	15642	25650	6156	25648	27404	17558	22300	13518	974
11226	8496	5466	748	778	3090	3112	3378	13342	3376
5936	3378	13340	3376	5938	16346	28730	28838	28702	28716
8714	1042	8712	28718	8714	1040	8712	4102	14514	21410
16148	28690	28694	28786	18448	18452	8746	5914	8744	18454
8746	5912	8744	22770	13528	3158	26028	15798	18198	15726
18192	18192	28446	15918	28444	8992	28446	15916	28444	8994
528	3018	26032	15638	15666	15666	15652	28190	8974	28188
15654	28190	8972	28188	15854	15698	15380	15378	27950	17678
27948	25632	27950	17676	27948	25634	4638	23844	23844	16434
16344	28850	25892	25870	25870	25646	23058	25644	5928	25646
23056	25644	5930	26328	26068	3120	3096	25606	28430	25604
3098	25606	28428	25604	8	8	12756	12584	12584	20700
15848	15666	18310	18192	28182	18218	28180	25620	28182	18216
28180	25622	4542	1978	9720	18122	25648	15540	25650	15624
25642	27918	25640	15626	25642	27916	25640	8496	8474	8496
5842	8498	1050	6154	1048	8468	1050	6152	1048	8470
5922	8468	1050	6154	1048	8470	1050	6152	1048	5920
8494	8624	28710	8730	28454	8970	28452	5924	28454	8968
28452	5926	8728	5924	28454	8970	28452	5926	28454	8968
28452	18118	15598	25454	3274	794	816	3100	13526	3102
3342	5910	1058	5908	25624	5910	1056	5908	25626	3340
25624	5910	1058	5908	25626	5910	1056	5908	20430	15502
15750	26074	25900	28712	16114	28714	5934	6178	5932	28680
5934	6176	5932	28682	28466	28680	5934	6178	5932	28682
5934	6176	5932	28464	18200	18204	18204	8998	28434	8710
28432	18220	28434	8708	28432	18222	8996	18220	28434	8710
28432	18222	28434	8708	28432	15410	25348	25606	27910	28174
27908	3352	27910	28172	27908	3354	25604	3352	27910	28174
27908	3354	27910	28172	27908	15514	25528	25382	3376	25380
3378	27942	6194	27940	25116	27942	6192	27940	25118	3376
25116	27942	6194	27940	25118	27942	6192	27940	25382	3378
25380	23524	23254	15380	25532	3094	3080	3084	23212	3086
3354	6186	3352	3116	3354	6184	3352	3118	25622	3116
3354	6186	3352	3118	3354	6184	3352	25620	26894	27368
4108	1970	9526	20366	23024	15598	15834	15848	26050	28462
28706	28460	6152	28462	28704	28460	6154	5938	6152	28462
28706	28460	6154	28462	28704	28460	5936	28848	26034	15832
27926	25650	15642	25648	27924	25650	15640	25648	27926	28178
27924	25650	15642	25648	27926	25650	15640	25648	28176	27924
8162	10540	11226	10898	11224	19934	19692	10958	8672	8438
8674	22302	998	10952	996	24108	24546	11034	21830	11032
11238	8210	11236	8208	18142	15852	16110	28852	8474	18710
8472	16836	19166	8486	18708	8484	24356	24806	11018	22242
11016	18212	18582	18842	11048	19050	11050	8490	974	8488
972	10956	966	13362	964	26326	26104	3370	3286	3368
28962	8282	802	10802	800	25370	13434	816	10800	818
29140	8490	8214	8488	4870	4870	5354	5386	8142	10944
19330	22046	22062	22062	22036	13834	1066	13832	22038	13834
1064	13832	17370	22242	21788	21784	21784	21772	11290	1046
11288	21774	11290	1044	11288	386	5578	8432	19134	18972
8466	8230	8464	11272	8466	8228	8464	11274	22318	22240
10966	8400	5826	5798	28678	28720	28720	8754	28462	8752
8468	8754	28460	8752	8470	7468	7468	5128	5128	29654
7982	19342	19378	10760	10760	11058	8222	11056	13616	11058
8220	11056	13618	20514	20514	15576	15838	25948	5712	5664
5794	8202	8202	8498	5662	8496	11056	8498	5660	8496
11058	26028	28702	5686	28702	28696	5926	1062	5924	28698
5926	1060	5924	722	3122	3104	3104	3108	3346	1050
3344	3110	3346	1048	3344	5338	8062	10554	10968	10770
10756	790	1074	788	10758	790	1072	788	11958	18586
28908	28970	8398	8210	8232	8196	798	1042	796	8198
798	1040	796	12314	12296	12038	18140	15798	23228	2858
5838	8212	8224	8228	8466	1074	8464	8230	8466	1072
8464	15758	25910	5690	5642	3112	3076	814	1058	812
3078	814	1056	812	13530	10946	22212	22220	21786	14128
11290	14090	11288	1044	11290	14088	11288	1046	13858	1044
11290	14090	11288	1046	11290	14088	11288	13856	14130	5824
28854	28858	18922	8458	8714	11314	8712	5904	8714	11312
8712	5906	8456	5904	8714	11314	8712	5906	8714	11312
8712	23290	13130	10618	19696	19442	21996	22060	13846	24594
13844	11052	13846	24592	13844	11054	30258	27610	4272	24530
21700	21658	18692	18974	18952	8494	8738	8492	18954	8494
8736	8492	20752	23746	26286	5836	8402	10964	22040	22102
21786	21764	13866	13582	13864	21766	13866	13580	13864	13362
10956	8386	18950	21902	21784	11306	21534	11304	11020	11306
21532	11304	11022	15834	15908	28688	28688	18718	8746	18454
8744	8460	8746	18452	8744	8462	21190	16094	25910	25870
5642	5642	5930	25882	5928	792	5930	25880	5928	794
10822	10794	10768	13578	3370	13576	10770	13578	3368	13576
18160	15854	23156	3162	13528	13322	13332	810	11018	808
13334	810	11016	808	10814	10826	11050	19242	11048	816
11050	19240	11048	818	22532	13520	3174	3194	786	550
784	5896	786	548	784	5898	22238	22210	21934	13870
11046	11290	11044	13572	11046	11288	11044	13574	13868	13572
11046	11290	11044	13574	11046	11288	11044	8386	19168	19154
18706	18706	8458	8714	11314	8712	5904	8714	11312	8712
5906	8456	5904	8714	11314	8712	5906	8714	11312	8712
20978	16058	28852	18926	18968	8486	1054	8484	18976	8486
1052	8484	18978	11310	18976	8486	1054	8484	18978	8486
1052	8484	11308	18922	19184	22002	22046	22060	10956	22062
24880	13834	24862	13832	1064	13834	24860	13832	1066	13578
1064	13834	24862	13832	1066	13834	24860	13832	13576	24882
19734	10710	10878	8408	5842	28702	28684	26070	28686	8470
1050	8468	28704	8470	1048	8468	28706	5902	28704	8470
1050	8468	28706	8470	1048	8468	5900	20440	15596	23074
3278	818	3378	5938	3376	13616	3378	5936	3376	13618
816	13616	3378	5938	3376	13618	3378	5936	3376	19928
22454	10950	13514	13320	786	13618	3378	13616	11056	13618
3376	13616	11058	784	11056	13618	3378	13616	11058	13618
3376	13616	22000	22242	10986	13618	13342	13616	1032	13618
13340	13616	1034	786	1032	13618	13342	13616	1034	13618
13340	13616	784	18906	19182	8234	8236	19386	8238	8466
1074	8464	8228	8466	1072	8464	8230	11034	8228	8466
1074	8464	8230	8466	1072	8464	11032	18924	28848	5674
810	5938	3378	5936	5660	5938	3376	5936	5662	808
5660	5938	3378	5936	5662	5938	3376	5936	13326	10962
13872	22216	13874	20096	19928	22290	17192	22192	6968	27308
24686	4602	27316	24782	3844	24780	3846	22820	20154	30428
24784	27480	24786	3104	26030	28826	18818	21786	21730	21784
18192	11954	21450	11398	18868	11396	5142	8140	19634	24620
22214	24622	22212	25388	22702	17628	24770	17394	24768	30098
29918	17096	21810	19218	21808	22062	24582	22060	24580	19900
24602	17280	24600	2316	9734	7344	29928	22240	17386	22242
23556	16088	28852	18926	19098	11018	19242	11016	30164	17368
22046	22290	22044	21702	24438	27184	27396	27404	27404	24582
17198	24580	3880	24582	17196	24580	3882	21472	14514	24352
4336	4104	14106	13870	14104	4106	14106	13868	14104	29106
19146	21708	21522	14130	11530	14128	21800	14130	11528	14128
21802	22572	19898	17372	17138	24516	21514	21514	21794	24342
21792	11308	21794	24340	21792	11310	22772	17628	17490	17324
24614	16910	24612	24848	24614	16908	24612	24850	290	13264
10710	19562	17082	16926	16946	21766	19246	21764	24612	21766
19244	21764	24614	4284	24438	17102	19368	19244	21766	13866
21764	19246	21766	13864	21764	22812	13090	22752	22378	17356
17174	22030	22306	22028	24580	22030	22304	22028	24582	29142
8316	10960	19230	21782	18958	21780	22064	21782	18956	21780
22066	15540	25532	13516	10852	8212	8232	10760	10760	11026
782	11024	22036	11026	780	11024	22038	19092	19438	10916
10968	10756	13590	13874	13588	10758	13590	13872	13588	16014
26028	3280	13516	10762	22496	22038	10790	22036	24860	22038
10788	22036	24862	17680	17632	17424	17486	27416	17200	24588
24866	17434	24864	24590	24866	17432	24864	22716	17648	17390
27314	4242	27322	24618	14126	24616	27440	24618	14124	24616
27442	7086	4408	24292	16866	24520	21634	24346	14102	14386
14100	21768	14102	14384	14100	21770	13504	10694	19698	17082
21786	14094	21784	16922	21786	14092	21784	29676	16840	18970
19222	19208	11022	11306	11020	19210	11022	11304	11020	21654
19128	11040	21790	16938	21788	11042	21790	16936	21788	19324
11018	8210	11016	22044	11018	8208	11016	22046	28890	5704
3276	13516	13454	10946	13602	13326	13600	22020	13602	13324
13600	22022	22582	22434	24858	17418	24856	22060	24858	17416
24856	22062	20212	30168	27340	24390	24356	24602	22042	24600
24358	24602	22040	24600	5838	8396	19186	16840	24530	24334
24334	14522	24332	24626	13830	24624	4112	24626	13828	24624
4114	14110	4112	24626	13830	24624	4114	24626	13828	24624
14108	21740	21512	21802	18978	21800	13852	21802	18976	21800
13854	11294	13852	21802	18978	21800	13854	21802	18976	21800
11292	19642	22308	17628	27636	27664	3882	27674	3880	13856
3882	27672	3880	13858	24870	13856	3882	27674	3880	13858
3882	27672	3880	24868	27666	29364	16862	24510	24512	21794
21518	21792	13828	21794	21516	21792	13830	14118	13828	21794
21518	21792	13830	21794	21516	21792	14116	19090	21786	11054
22026	11052	18988	11054	22024	11052	18990	21784	18988	11054
22026	11052	18990	11054	22024	11052	23008	22776	22316	22316
22466	17200	24850	22282	24848	13864	24850	22280	24848	13866
22034	13864	24850	22282	24848	13866	24850	22280	24848	22032
15646	15536	25528	13512	10968	10930	19374	22022	21766	24614
21764	11032	21766	24612	21764	11034	22020	11032	21766	24614
21764	11034	21766	24612	21764	18674	18910	19106	19210	19394
19210	8408	19208	11058	21782	22066	21780	11272	21782	22064
21780	11274	11056	11272	21782	22066	21780	11274	21782	22064
21780	7146	27344	17116	19380	10930	11034	19246	11032	13864
11034	19244	11032	13866	22062	13864	11034	19246	11032	13866
11034	19244	11032	22060	5354	8146	10702	13524	22476	22456
22034	24850	24614	24848	22280	24850	24612	24848	22282	22032
22280	24850	24614	24848	22282	24850	24612	24848	4704	27128
27616	27302	27618	4754	4586	4312	24364	4314	14086	1564
14086	1566	14084	14084	25894	28908	18654	21444	1540	14524
1542	5666	29104	16306	16400	21474	4270	14390	4268	30446
7084	4126	27186	4124	25382	22718	17630	27600	30216	27602
10792	19438	24766	17078	24764	16786	17050	27436	17372	27438
12564	22802	20172	27690	17584	27688	23064	15582	18120	6872
9708	6874	23738	16176	21098	21472	14512	1992	1796	1824
1550	3886	1548	1826	1550	3884	1548	21474	14446	14356
14340	4122	1802	4120	14116	4122	1800	4120	14118	22512
17370	30156	7126	6958	6926	4138	27142	4136	6684	4138
27140	4136	6686	2340	2340	12302	12302	2224	7144	30370
6916	6928	27442	3846	27440	6930	27442	3844	27440	12206
2234	2190	4584	27154	27140	4138	3854	4136	27142	4138
3852	4136	7394	7152	7066	6956	30018	6954	27414	3886
27412	30244	27414	3884	27412	30246	6938	6920	27414	30246
27412	4128	27414	30244	27412	4130	3198	13398	22434	17388
17160	17172	17172	24582	22030	24580	27428	24582	22028	24580
27430	21618	24402	27346	17332	17278	27410	27174	27408	24840
27410	27172	27408	24842	4596	14086	1566	14084	24362	14086
1564	14084	22718	17900	30426	30258	6946	30370	6958	6936
4142	1542	4140	6938	4142	1540	4140	27368	27152	24586
14094	24584	27154	24586	14092	24584	18632	12010	14512	4358
24336	24336	24364	4118	27402	4116	24366	4118	27400	4116
15546	20440	20188	19718	17632	17436	27418	17418	27416	24620
27418	17416	27416	24622	17458	17684	27682	24878	27680	30240
27682	24876	27680	30242	7674	10196	9976	7092	30322	6958
27406	29958	27404	6676	27406	29956	27404	6678	3162	25454
17818	30426	30250	30250	6662	30226	6660	4108	6662	30224
6660	4110	17670	30446	7086	4358	1828	1842	4528	1840
1558	3846	1556	14368	1558	3844	1556	14370	4118	14368
1558	3846	1556	14370	1558	3844	1556	4116	14782	2042
1798	9240	1550	9254	1548	3884	1550	9252	1548	3886
6678	3884	1550	9254	1548	3886	1550	9252	1548	6676
9242	18654	21450	24258	16668	24548	24338	24338	24518	4146
27174	4144	3860	4146	27172	4144	3862	24614	3860	4146
27174	4144	3862	4146	27172	4144	24612	13512	22456	17238
27178	24618	24334	24616	3844	24618	24332	24616	3846	4142
3844	24618	24334	24616	3846	24618	24332	24616	4140	7430
29616	29890	17372	17172	17368	27430	17442	27428	3880	27430
17440	27428	3882	24862	3880	27430	17442	27428	3882	27430
17440	27428	24860	17628	17626	17646	27398	30254	27396	3872
27398	30252	27396	3874	27654	3872	27398	30254	27396	3874
27398	30252	27396	27652	20642	20346	30420	30256	30424	30480
6706	30490	6704	3872	6706	30488	6704	3874	27694	3872
6706	30490	6704	3874	6706	30488	6704	27692	30482	6678
27690	6676	6952	6678	27688	6676	6954	6962	30306	6960
6952	6678	27690	6676	6954	6678	27688	6676	30234	17624
30232	30480	6706	30490	6704	3872	6706	30488	6704	3874
27694	3872	6706	30490	6704	3874	6706	30488	6704	27692
30482	16176	21106	14780	1968	6918	6918	6690	27414	27698
27412	6920	27414	27696	27412	6922	6688	6920	27414	27698
27412	6922	27414	27696	27412
