MagicCube4D 3 3 1558 {6}x{4} 3
-0.8511325806396582 -0.20550746006105042 0.48305280667120826 -7.697835424637774E-17
-0.5232965309406712 0.25915631481543605 -0.8117873768399838 -2.242672193783204E-15
-1.2582394389149688E-15 9.991008971488698E-16 -1.6325907392541386E-15 1.0
-0.04164217668584425 0.943718542972712 0.3281177239503019 -4.595839144620466E-16
*
214,-1,2 175,-1,4 70,-1,2 129,-1,4 315,-1,1 48,-1,1 199,1,2 50,-1,4 252,-1,4 77,1,2
181,-1,2 128,1,2 199,-1,1 97,-1,4 272,-1,2 16,1,4 175,1,1 23,1,2 291,1,4 50,-1,4
187,1,1 316,-1,1 276,-1,4 295,1,1 51,-1,2 310,-1,2 273,-1,2 102,-1,2 291,-1,2 131,1,2
238,1,4 153,-1,2 104,-1,4 124,-1,2 100,1,2 47,-1,4 193,-1,2 309,1,2 25,1,2 124,-1,2
70,-1,2 270,1,4 159,1,2 98,1,4 271,-1,4 153,1,4 24,-1,1 181,1,2 17,-1,4 277,-1,2
158,1,4 187,-1,1 298,-1,2 153,-1,4 133,1,2 226,1,4 50,1,2 19,-1,4 273,1,2 313,1,2
100,-1,1 181,-1,2 157,1,2 m| 236,1,1 197,1,1 157,-1,1 22,1,1 130,1,1 103,1,1
76,1,1 103,1,1 130,1,1 277,-1,1 199,1,1 75,-1,1 75,-1,1 128,-1,1 315,1,1 156,1,1
101,-1,1 198,1,1 198,1,1 21,-1,1 192,1,1 21,1,1 75,-1,1 198,1,1 198,1,1 75,1,1
101,1,1 198,-1,1 198,-1,1 101,-1,1 198,1,1 128,1,1 196,1,1 128,-1,1 198,-1,1 156,1,1
197,1,1 156,-1,1 48,1,1 199,-1,1 199,-1,1 48,-1,1 199,1,1 199,1,1 199,1,1 156,-1,1
197,1,1 156,1,1 102,1,1 199,-1,1 199,-1,1 102,-1,1 199,1,1 128,-1,1 196,1,1 128,1,1
20,-1,1 192,1,1 20,1,1 74,-1,1 199,1,1 199,1,1 74,1,1 178,-1,1 48,-1,1 193,1,1
48,1,1 198,1,1 198,1,1 102,-1,1 237,-1,1 196,-1,1 237,1,1 184,-1,1 102,1,1 198,-1,1
21,-1,1 237,-1,1 193,-1,1 237,1,1 175,-1,1 21,1,1 129,-1,1 237,-1,1 197,-1,1 237,1,1
187,-1,1 129,1,1 199,-1,1 102,1,1 315,1,1 196,-1,1 315,-1,1 184,1,1 102,-1,1 21,1,1
315,1,1 193,1,1 315,-1,1 175,1,1 21,-1,1 155,1,1 315,1,1 192,1,1 315,-1,1 174,1,1
155,-1,1 48,1,1 315,1,1 194,1,1 315,-1,1 178,1,1 48,-1,1 199,1,1 74,-1,1 315,-1,1
193,-1,1 315,1,1 178,-1,1 74,1,1 198,-1,1 74,1,1 237,1,1 193,1,1 237,-1,1 178,1,1
74,-1,1 128,-1,1 315,-1,1 195,-1,1 315,1,1 184,-1,1 128,1,1 155,-1,1 237,-1,1 192,-1,1
237,1,1 174,-1,1 155,1,1 47,1,1 237,-1,1 194,1,1 237,1,1 178,1,1 47,-1,1 52,-1,1
198,-1,1 52,1,1 198,-1,1 52,-1,1 198,1,1 198,1,1 52,1,1 106,-1,1 198,-1,1 106,-1,1
198,-1,1 106,-1,1 198,1,1 198,1,1 106,-1,1 50,-1,1 199,-1,1 50,-1,1 199,1,1 50,-1,1
175,1,1 50,-1,1 199,-1,1 50,-1,1 199,1,1 50,-1,1 21,1,1 199,-1,1 21,-1,1 199,-1,1
21,1,1 199,1,1 199,1,1 21,-1,1 199,1,1 104,-1,1 199,-1,1 104,-1,1 199,1,1 104,-1,1
20,-1,1 199,1,1 20,1,1 199,1,1 20,-1,1 199,-1,1 199,-1,1 20,1,1 187,1,1 158,-1,1
199,-1,1 158,-1,1 199,-1,1 158,-1,1 199,1,1 199,1,1 158,1,1 129,-1,1 198,1,1 129,1,1
198,1,1 129,-1,1 198,-1,1 198,-1,1 129,1,1 174,1,1 160,-1,1 198,-1,1 160,-1,1 198,-1,1
160,-1,1 198,1,1 198,1,1 160,1,1 199,-1,1 20,-1,1 174,-1,1 20,1,1 192,-1,1 20,-1,1
199,1,1 20,1,1 199,-1,1 20,-1,1 199,-1,1 20,1,1 198,1,1 198,1,1 48,-1,1 198,1,1
48,1,1 198,1,1 48,-1,1 198,-1,1 198,-1,1 48,1,1 184,1,1 102,-1,1 184,-1,1 102,1,1
195,-1,1 102,-1,1 198,1,1 102,1,1 198,-1,1 102,-1,1 198,-1,1 102,1,1 198,1,1 198,1,1
21,-1,1 198,1,1 21,1,1 198,1,1 21,-1,1 198,-1,1 198,-1,1 21,1,1 198,1,1 198,1,1
75,-1,1 198,1,1 75,1,1 198,1,1 75,-1,1 198,-1,1 198,-1,1 75,1,1 197,1,1 156,-1,1
187,-1,1 156,1,1 197,-1,1 156,-1,1 199,1,1 156,1,1 199,-1,1 156,-1,1 199,-1,1 156,1,1
199,1,1 74,-1,1 199,1,1 74,1,1 199,1,1 74,-1,1 199,-1,1 199,-1,1 74,1,1 198,1,1
198,1,1 155,-1,1 198,1,1 155,1,1 198,1,1 155,-1,1 198,-1,1 198,-1,1 155,1,1 129,-1,1
198,1,1 129,1,1 198,1,1 129,-1,1 198,-1,1 198,-1,1 129,1,1 187,1,1 128,-1,1 184,-1,1
128,1,1 196,-1,1 128,-1,1 199,1,1 128,1,1 199,-1,1 128,-1,1 199,-1,1 128,1,1 101,-1,1
199,1,1 101,1,1 199,1,1 101,-1,1 199,-1,1 199,-1,1 101,1,1 199,-1,1 199,-1,1 47,-1,1
175,-1,1 47,1,1 193,-1,1 47,-1,1 199,1,1 47,1,1 199,-1,1 47,-1,1 199,-1,1 47,1,1
178,-1,1 101,-1,1 181,-1,1 101,1,1 195,-1,1 101,-1,1 199,1,1 101,1,1 199,-1,1 101,-1,1
199,-1,1 101,1,1 104,-1,1 178,1,1 104,-1,1 178,1,1 104,-1,1 195,-1,1 128,-1,1 199,1,1
199,1,1 128,1,1 199,-1,1 128,-1,1 199,-1,1 128,1,1 315,1,2 128,-1,1 199,1,1 128,1,1
199,1,1 128,-1,1 199,-1,1 199,-1,1 128,1,1 315,-1,2 195,1,1 199,1,1 199,1,1 47,-1,1
199,1,1 47,1,1 199,1,1 47,-1,1 199,-1,1 199,-1,1 47,1,1 197,-1,1 129,-1,1 198,1,1
129,1,1 198,1,1 129,-1,1 198,-1,1 198,-1,1 129,1,1 198,-1,1 48,-1,1 198,1,1 198,1,1
48,1,1 198,-1,1 48,-1,1 198,-1,1 48,1,1 237,1,2 48,-1,1 198,1,1 48,1,1 198,1,1
48,-1,1 198,-1,1 198,-1,1 48,1,1 237,-1,2 181,1,1 129,-1,1 198,1,1 198,1,1 129,1,1
198,-1,1 129,-1,1 198,-1,1 129,1,1 237,1,2 129,-1,1 198,1,1 129,1,1 198,1,1 129,-1,1
198,-1,1 198,-1,1 129,1,1 237,-1,2 75,-1,1 198,1,1 198,1,1 75,1,1 198,-1,1 75,-1,1
198,-1,1 75,1,1 237,1,2 75,-1,1 198,1,1 75,1,1 198,1,1 75,-1,1 198,-1,1 198,-1,1
75,1,1 237,-1,2 178,-1,1 74,-1,1 199,1,1 199,1,1 74,1,1 199,-1,1 74,-1,1 199,-1,1
74,1,1 315,1,2 74,-1,1 199,1,1 74,1,1 199,1,1 74,-1,1 199,-1,1 199,-1,1 74,1,1
315,-1,2 175,1,1 156,-1,1 199,1,1 199,1,1 156,1,1 199,-1,1 156,-1,1 199,-1,1 156,1,1
315,1,2 156,-1,1 199,1,1 156,1,1 199,1,1 156,-1,1 199,-1,1 199,-1,1 156,1,1 315,-1,2
174,-1,1 20,-1,1 199,1,1 199,1,1 20,1,1 199,-1,1 20,-1,1 199,-1,1 20,1,1 315,1,2
20,-1,1 199,1,1 20,1,1 199,1,1 20,-1,1 199,-1,1 199,-1,1 20,1,1 315,-1,2 198,1,1
128,1,1 198,-1,1 198,-1,1 128,-1,1 198,1,1 128,1,1 198,1,1 128,-1,1 237,-1,2 128,1,1
198,-1,1 128,-1,1 198,-1,1 128,1,1 198,1,1 198,1,1 128,-1,1 237,1,2 174,1,1 20,1,1
198,-1,1 198,-1,1 20,-1,1 198,1,1 20,1,1 198,1,1 20,-1,1 237,-1,2 20,1,1 198,-1,1
20,-1,1 198,-1,1 20,1,1 198,1,1 198,1,1 20,-1,1 237,1,2 192,-1,1 21,-1,1 198,1,1
198,1,1 21,1,1 198,-1,1 21,-1,1 198,-1,1 21,1,1 237,1,2 21,-1,1 198,1,1 21,1,1
198,1,1 21,-1,1 198,-1,1 198,-1,1 21,1,1 237,-1,2 199,-1,1 199,-1,1 101,-1,1 199,1,1
199,1,1 101,1,1 199,-1,1 101,-1,1 199,-1,1 101,1,1 315,1,2 101,-1,1 199,1,1 101,1,1
199,1,1 101,-1,1 199,-1,1 199,-1,1 101,1,1 315,-1,2 181,1,1 47,-1,1 199,1,1 199,1,1
47,1,1 199,-1,1 47,-1,1 199,-1,1 47,1,1 315,1,2 47,-1,1 199,1,1 47,1,1 199,1,1
47,-1,1 199,-1,1 199,-1,1 47,1,1 315,-1,2 20,-1,1 199,-1,1 199,-1,1 20,1,1 199,-1,1
20,-1,1 199,1,1 199,1,1 199,1,1 20,1,1 101,-1,1 199,-1,1 199,-1,1 101,1,1 199,-1,1
101,-1,1 199,1,1 199,1,1 199,1,1 101,1,1 238,-1,1 128,-1,1 199,-1,1 199,-1,1 128,1,1
199,-1,1 128,-1,1 199,1,1 199,1,1 199,1,1 128,1,1 238,1,1 128,-1,1 199,1,1 199,1,1
199,1,1 132,-1,1 238,-1,1 132,-1,1 238,1,1 132,-1,1 199,-1,1 132,-1,1 238,-1,1 132,-1,1
238,1,1 132,-1,1 199,-1,1 199,-1,1 128,1,1 20,-1,1 199,1,1 199,1,1 199,1,1 24,-1,1
238,-1,1 24,-1,1 238,1,1 24,-1,1 199,-1,1 24,-1,1 238,-1,1 24,-1,1 238,1,1 24,-1,1
199,-1,1 199,-1,1 20,1,1 74,-1,1 199,1,1 199,1,1 199,1,1 78,-1,1 238,-1,1 78,-1,1
238,1,1 78,-1,1 199,-1,1 78,-1,1 238,-1,1 78,-1,1 238,1,1 78,-1,1 199,-1,1 199,-1,1
74,1,1 130,1,1 47,-1,1 199,1,1 199,1,1 199,1,1 51,-1,1 238,-1,1 51,-1,1 238,1,1
51,-1,1 199,-1,1 51,-1,1 238,-1,1 51,-1,1 238,1,1 51,-1,1 199,-1,1 199,-1,1 47,1,1
130,-1,1 196,-1,1 158,1,1 199,-1,1 199,-1,1 158,-1,1 199,-1,1 158,1,1 199,-1,1 199,-1,1
199,-1,1 158,-1,1 23,1,1 199,1,1 199,1,1 199,1,1 23,1,1 199,1,1 23,1,1 199,1,1
199,1,1 23,1,1 199,1,1 199,1,1 159,-1,1 199,-1,1 159,-1,1 199,-1,1 159,-1,1 199,1,1
199,1,1 199,1,1 159,-1,1 199,-1,1 159,-1,1 199,1,1 199,1,1 159,1,1 199,1,1 199,1,1
m[ 158,1,1 21,-1,1 21,-1,1 158,-1,1 21,1,1 21,1,1 174,-1,1 21,-1,1 21,-1,1
158,-1,1 21,1,1 21,1,1 158,1,1 174,-1,1 265,1,1 174,1,1 158,-1,1 21,-1,1 21,-1,1
158,1,1 21,1,1 21,1,1 174,1,1 21,-1,1 21,-1,1 158,1,1 21,1,1 21,1,1 158,-1,1
m] 199,-1,1 199,-1,1 m[ 158,1,1 21,-1,1 21,-1,1 158,-1,1 21,1,1 21,1,1
174,-1,1 21,-1,1 21,-1,1 158,-1,1 21,1,1 21,1,1 158,1,1 174,-1,1 265,-1,1 174,1,1
158,-1,1 21,-1,1 21,-1,1 158,1,1 21,1,1 21,1,1 174,1,1 21,-1,1 21,-1,1 158,1,1
21,1,1 21,1,1 158,-1,1 m] 199,1,1 199,1,1 76,1,1 m[ 238,-1,1 20,-1,1
20,-1,1 159,-1,1 20,-1,1 20,-1,1 158,-1,1 199,-1,1 20,-1,1 20,-1,1 159,-1,1 20,-1,1
20,-1,1 158,-1,1 199,-1,1 20,-1,1 20,-1,1 159,-1,1 20,-1,1 20,-1,1 158,-1,1 199,1,1
199,1,1 20,-1,1 20,-1,1 159,-1,1 20,-1,1 20,-1,1 158,-1,1 238,1,1 158,1,1 20,1,1
20,1,1 159,1,1 20,1,1 20,1,1 199,-1,1 199,-1,1 158,1,1 20,1,1 20,1,1 159,1,1
20,1,1 20,1,1 199,1,1 158,1,1 20,1,1 20,1,1 159,1,1 20,1,1 20,1,1 199,1,1
158,1,1 20,1,1 20,1,1 159,1,1 20,1,1 20,1,1 m] 76,-1,1 m[ 128,-1,1
128,-1,1 105,-1,1 128,-1,1 128,-1,1 104,-1,1 199,-1,1 128,-1,1 128,-1,1 105,-1,1 128,-1,1
128,-1,1 104,-1,1 199,-1,1 128,-1,1 128,-1,1 105,-1,1 128,-1,1 128,-1,1 104,-1,1 199,1,1
199,1,1 128,-1,1 128,-1,1 105,-1,1 128,-1,1 128,-1,1 104,-1,1 238,-1,1 104,1,1 128,1,1
128,1,1 105,1,1 128,1,1 128,1,1 199,-1,1 199,-1,1 104,1,1 128,1,1 128,1,1 105,1,1
128,1,1 128,1,1 199,1,1 104,1,1 128,1,1 128,1,1 105,1,1 128,1,1 128,1,1 199,1,1
104,1,1 128,1,1 128,1,1 105,1,1 128,1,1 128,1,1 238,1,1 m] 49,1,1 157,1,1
m[ 20,-1,1 20,-1,1 159,-1,1 20,-1,1 20,-1,1 158,-1,1 199,-1,1 20,-1,1 20,-1,1
159,-1,1 20,-1,1 20,-1,1 158,-1,1 199,-1,1 20,-1,1 20,-1,1 159,-1,1 20,-1,1 20,-1,1
158,-1,1 199,1,1 199,1,1 20,-1,1 20,-1,1 159,-1,1 20,-1,1 20,-1,1 158,-1,1 238,-1,1
158,1,1 20,1,1 20,1,1 159,1,1 20,1,1 20,1,1 199,-1,1 199,-1,1 158,1,1 20,1,1
20,1,1 159,1,1 20,1,1 20,1,1 199,1,1 158,1,1 20,1,1 20,1,1 159,1,1 20,1,1
20,1,1 199,1,1 158,1,1 20,1,1 20,1,1 159,1,1 20,1,1 20,1,1 238,1,1 m]
51,1,1 237,1,1 130,1,1 m[ 316,-1,1 155,-1,1 155,-1,1 24,-1,1 155,-1,1 155,-1,1
25,-1,1 198,-1,1 155,-1,1 155,-1,1 24,-1,1 155,-1,1 155,-1,1 25,-1,1 198,-1,1 155,-1,1
155,-1,1 24,-1,1 155,-1,1 155,-1,1 25,-1,1 198,1,1 198,1,1 155,-1,1 155,-1,1 24,-1,1
155,-1,1 155,-1,1 25,-1,1 316,1,1 25,1,1 155,1,1 155,1,1 24,1,1 155,1,1 155,1,1
198,-1,1 198,-1,1 25,1,1 155,1,1 155,1,1 24,1,1 155,1,1 155,1,1 198,1,1 25,1,1
155,1,1 155,1,1 24,1,1 155,1,1 155,1,1 198,1,1 25,1,1 155,1,1 155,1,1 24,1,1
155,1,1 155,1,1 m] 130,-1,1 237,-1,1 159,1,1 105,1,1 m[ 128,-1,1 128,-1,1
105,-1,1 128,-1,1 128,-1,1 104,-1,1 199,-1,1 128,-1,1 128,-1,1 105,-1,1 128,-1,1 128,-1,1
104,-1,1 199,-1,1 128,-1,1 128,-1,1 105,-1,1 128,-1,1 128,-1,1 104,-1,1 199,1,1 199,1,1
128,-1,1 128,-1,1 105,-1,1 128,-1,1 128,-1,1 104,-1,1 238,-1,1 104,1,1 128,1,1 128,1,1
105,1,1 128,1,1 128,1,1 199,-1,1 199,-1,1 104,1,1 128,1,1 128,1,1 105,1,1 128,1,1
128,1,1 199,1,1 104,1,1 128,1,1 128,1,1 105,1,1 128,1,1 128,1,1 199,1,1 104,1,1
128,1,1 128,1,1 105,1,1 128,1,1 128,1,1 238,1,1 m] 105,-1,1 237,-1,1 237,-1,1
24,1,1 m[ 155,-1,1 155,-1,1 24,-1,1 155,-1,1 155,-1,1 25,-1,1 198,-1,1 155,-1,1
155,-1,1 24,-1,1 155,-1,1 155,-1,1 25,-1,1 198,-1,1 155,-1,1 155,-1,1 24,-1,1 155,-1,1
155,-1,1 25,-1,1 198,1,1 198,1,1 155,-1,1 155,-1,1 24,-1,1 155,-1,1 155,-1,1 25,-1,1
316,-1,1 25,1,1 155,1,1 155,1,1 24,1,1 155,1,1 155,1,1 198,-1,1 198,-1,1 25,1,1
155,1,1 155,1,1 24,1,1 155,1,1 155,1,1 198,1,1 25,1,1 155,1,1 155,1,1 24,1,1
155,1,1 155,1,1 198,1,1 25,1,1 155,1,1 155,1,1 24,1,1 155,1,1 155,1,1 316,1,1
m] 24,-1,1 237,1,1 237,1,1 103,1,1 m[ 159,-1,1 237,-1,1 159,-1,1 237,1,1
159,-1,1 316,-1,1 159,-1,1 237,-1,1 159,-1,1 237,1,1 159,-1,1 316,-1,1 159,-1,1 237,-1,1
159,-1,1 237,1,1 159,-1,1 316,1,1 316,1,1 159,-1,1 237,-1,1 159,-1,1 237,1,1 159,-1,1
198,-1,1 159,1,1 237,-1,1 159,1,1 237,1,1 159,1,1 316,-1,1 316,-1,1 159,1,1 237,-1,1
159,1,1 237,1,1 159,1,1 316,1,1 159,1,1 237,-1,1 159,1,1 237,1,1 159,1,1 316,1,1
159,1,1 237,-1,1 159,1,1 237,1,1 159,1,1 198,1,1 m] 103,-1,1 m[ 159,-1,1
237,-1,1 159,-1,1 237,1,1 159,-1,1 316,-1,1 159,-1,1 237,-1,1 159,-1,1 237,1,1 159,-1,1
316,-1,1 159,-1,1 237,-1,1 159,-1,1 237,1,1 159,-1,1 316,1,1 316,1,1 159,-1,1 237,-1,1
159,-1,1 237,1,1 159,-1,1 198,-1,1 159,1,1 237,-1,1 159,1,1 237,1,1 159,1,1 316,-1,1
316,-1,1 159,1,1 237,-1,1 159,1,1 237,1,1 159,1,1 316,1,1 159,1,1 237,-1,1 159,1,1
237,1,1 159,1,1 316,1,1 159,1,1 237,-1,1 159,1,1 237,1,1 159,1,1 198,1,1 m]
315,1,1 315,1,1 105,-1,1 m[ 199,-1,1 132,-1,1 315,-1,1 132,-1,1 315,1,1 132,-1,1
238,-1,1 132,-1,1 315,-1,1 132,-1,1 315,1,1 132,-1,1 238,-1,1 132,-1,1 315,-1,1 132,-1,1
315,1,1 132,-1,1 238,1,1 238,1,1 132,-1,1 315,-1,1 132,-1,1 315,1,1 132,-1,1 199,1,1
132,1,1 315,-1,1 132,1,1 315,1,1 132,1,1 238,-1,1 238,-1,1 132,1,1 315,-1,1 132,1,1
315,1,1 132,1,1 238,1,1 132,1,1 315,-1,1 132,1,1 315,1,1 132,1,1 238,1,1 132,1,1
315,-1,1 132,1,1 315,1,1 132,1,1 m] 105,1,1 315,1,1 315,1,1 315,1,1 130,1,1
m[ 105,-1,1 315,-1,1 105,-1,1 315,1,1 105,-1,1 238,-1,1 105,-1,1 315,-1,1 105,-1,1
315,1,1 105,-1,1 238,-1,1 105,-1,1 315,-1,1 105,-1,1 315,1,1 105,-1,1 238,1,1 238,1,1
105,-1,1 315,-1,1 105,-1,1 315,1,1 105,-1,1 199,-1,1 105,1,1 315,-1,1 105,1,1 315,1,1
105,1,1 238,-1,1 238,-1,1 105,1,1 315,-1,1 105,1,1 315,1,1 105,1,1 238,1,1 105,1,1
315,-1,1 105,1,1 315,1,1 105,1,1 238,1,1 105,1,1 315,-1,1 105,1,1 315,1,1 105,1,1
199,1,1 m] 130,-1,1 24,1,1 m[ 24,-1,1 315,-1,1 24,-1,1 315,1,1 24,-1,1
238,-1,1 24,-1,1 315,-1,1 24,-1,1 315,1,1 24,-1,1 238,-1,1 24,-1,1 315,-1,1 24,-1,1
315,1,1 24,-1,1 238,1,1 238,1,1 24,-1,1 315,-1,1 24,-1,1 315,1,1 24,-1,1 199,-1,1
24,1,1 315,-1,1 24,1,1 315,1,1 24,1,1 238,-1,1 238,-1,1 24,1,1 315,-1,1 24,1,1
315,1,1 24,1,1 238,1,1 24,1,1 315,-1,1 24,1,1 315,1,1 24,1,1 238,1,1 24,1,1
315,-1,1 24,1,1 315,1,1 24,1,1 199,1,1 m] 24,-1,1 159,-1,1 m[ 24,-1,1
315,-1,1 24,-1,1 315,1,1 24,-1,1 238,-1,1 24,-1,1 315,-1,1 24,-1,1 315,1,1 24,-1,1
238,-1,1 24,-1,1 315,-1,1 24,-1,1 315,1,1 24,-1,1 238,1,1 238,1,1 24,-1,1 315,-1,1
24,-1,1 315,1,1 24,-1,1 199,-1,1 24,1,1 315,-1,1 24,1,1 315,1,1 24,1,1 238,-1,1
238,-1,1 24,1,1 315,-1,1 24,1,1 315,1,1 24,1,1 238,1,1 24,1,1 315,-1,1 24,1,1
315,1,1 24,1,1 238,1,1 24,1,1 315,-1,1 24,1,1 315,1,1 24,1,1 199,1,1 m]
159,1,1 315,1,1 237,1,1 237,1,1 237,1,1 76,-1,1 m[ 159,-1,1 237,-1,1 159,-1,1
237,1,1 159,-1,1 316,-1,1 159,-1,1 237,-1,1 159,-1,1 237,1,1 159,-1,1 316,-1,1 159,-1,1
237,-1,1 159,-1,1 237,1,1 159,-1,1 316,1,1 316,1,1 159,-1,1 237,-1,1 159,-1,1 237,1,1
159,-1,1 198,-1,1 159,1,1 237,-1,1 159,1,1 237,1,1 159,1,1 316,-1,1 316,-1,1 159,1,1
237,-1,1 159,1,1 237,1,1 159,1,1 316,1,1 159,1,1 237,-1,1 159,1,1 237,1,1 159,1,1
316,1,1 159,1,1 237,-1,1 159,1,1 237,1,1 159,1,1 198,1,1 m] 76,1,1 237,-1,1
237,-1,1 237,-1,1.
