MagicCube4D 3 3 1331 {5}x{4} 3
0.3691168723680546 -0.2945487853815274 0.8814724882623918 -3.0768163594862254E-17
0.9284239465934206 0.15993951311594806 -0.33533315901671695 -2.0846777826956647E-16
-0.04221030591126562 0.9421572932236424 0.3325025186376443 -1.0651202142488364E-15
1.59944475677521E-16 1.0277902877559809E-15 3.1137028497250274E-16 1.0
*
259,-1,1 131,1,1 25,-1,2 165,1,1 124,1,1 188,1,4 45,1,2 131,1,1 188,-1,2 47,-1,2
261,-1,4 101,1,1 130,-1,1 51,-1,1 185,1,2 124,-1,2 77,1,2 98,-1,1 52,-1,2 227,-1,2
199,1,1 97,-1,2 50,-1,2 245,-1,2 44,-1,2 178,-1,1 49,1,2 265,1,4 97,1,1 51,-1,2
130,1,1 100,-1,1 228,1,2 50,1,2 152,1,1 16,1,1 215,1,4 194,-1,1 99,-1,2 25,1,1
97,-1,2 254,-1,4 99,-1,2 163,1,1 245,1,4 99,1,2 125,-1,2 221,1,2 105,1,1 18,1,2
165,-1,1 125,1,2 77,1,1 244,-1,2 m| 164,1,1 230,1,1 22,1,1 49,1,1 130,1,1
103,1,1 22,1,1 49,1,1 76,1,1 49,-1,1 22,-1,1 103,1,1 130,1,1 103,-1,1 76,-1,1
49,-1,1 22,-1,1 130,-1,1 22,1,1 49,1,1 76,1,1 129,-1,1 231,1,1 231,1,1 102,1,1
165,1,1 48,-1,1 165,-1,1 165,-1,1 20,1,1 165,-1,1 75,-1,1 198,1,1 70,1,1 75,1,1
231,-1,1 75,-1,1 70,1,1 231,1,1 44,1,1 231,-1,4 44,-1,1 231,1,4 198,1,1 198,1,1
17,1,1 231,-1,4 17,-1,1 231,1,4 21,1,1 231,-1,1 21,-1,1 231,1,1 198,1,1 198,1,1
103,1,1 231,1,1 103,-1,1 231,-1,1 198,-1,1 198,-1,1 48,1,1 231,-1,1 231,-1,1 48,-1,1
231,1,1 231,1,1 198,-1,1 198,-1,1 71,1,1 231,1,4 71,-1,1 231,-1,4 103,-1,1 231,1,1
103,1,1 48,1,1 198,-1,1 48,-1,1 231,-1,1 130,1,1 231,-1,1 130,-1,1 231,1,1 198,-1,1
130,-1,1 231,-1,1 130,1,1 231,1,1 198,1,1 103,1,1 231,1,1 103,-1,1 231,-1,1 199,-1,1
47,1,1 166,1,1 166,1,1 47,-1,1 166,-1,1 166,-1,1 132,1,1 166,1,1 132,-1,1 166,-1,1
166,-1,4 101,-1,1 101,-1,1 166,1,4 101,1,1 101,1,1 102,1,1 231,1,1 102,-1,1 231,-1,1
102,1,1 231,1,1 102,-1,1 231,-1,1 198,-1,1 198,-1,1 128,-1,1 197,-1,1 128,1,1 197,1,1
198,1,1 128,-1,1 231,-1,1 193,-1,1 231,1,1 178,-1,1 128,1,1 198,-1,1 102,-1,1 231,-1,1
197,-1,1 231,1,1 188,-1,1 102,1,1 20,-1,1 166,-1,1 197,-1,1 166,1,1 178,1,1 20,1,1
199,-1,1 47,-1,1 166,-1,1 193,-1,1 166,1,1 179,1,1 47,1,1 198,-1,1 75,-1,1 231,-1,1
196,-1,1 231,1,1 185,-1,1 75,1,1 199,1,1 101,-1,1 166,-1,1 195,-1,1 166,1,1 185,-1,1
101,1,1 20,1,1 231,1,1 197,-1,1 231,-1,1 178,1,1 20,-1,1 48,-1,1 231,-1,1 195,1,1
231,1,1 182,-1,1 48,1,1 128,1,1 166,1,1 193,-1,1 166,-1,1 178,1,1 128,-1,1 198,1,1
48,-1,1 231,-1,1 195,1,1 231,1,1 182,1,1 48,1,1 178,1,1 130,1,1 198,-1,1 130,-1,1
198,-1,1 130,-1,1 198,1,1 198,1,1 130,-1,1 185,1,1 76,1,1 198,-1,1 76,-1,1 198,-1,1
76,-1,1 198,1,1 198,1,1 76,1,1 21,-1,1 198,1,1 21,1,1 198,1,1 21,-1,1 198,-1,1
198,-1,1 21,1,1 198,1,1 179,1,1 22,-1,1 198,-1,1 22,-1,1 198,-1,1 22,-1,1 198,1,1
198,1,1 22,1,1 179,1,1 101,-1,1 199,1,1 101,1,1 199,1,1 101,-1,1 199,-1,1 199,-1,1
101,1,1 182,1,1 78,1,1 199,-1,1 78,-1,1 199,-1,1 78,1,1 199,1,1 199,1,1 78,-1,1
47,-1,1 199,1,1 47,1,1 199,1,1 47,-1,1 199,-1,1 199,-1,1 47,1,1 199,-1,1 132,1,1
199,-1,1 132,-1,1 199,-1,1 132,1,1 199,1,1 199,1,1 132,-1,1 188,1,1 198,-1,1 48,-1,1
182,-1,1 48,1,1 194,-1,1 48,-1,1 198,1,1 48,1,1 198,-1,1 48,-1,1 198,-1,1 48,1,1
179,-1,1 128,-1,1 178,1,1 128,1,1 197,-1,1 128,-1,1 198,1,1 128,1,1 198,-1,1 128,-1,1
198,-1,1 128,1,1 198,-1,1 75,-1,1 185,1,1 75,1,1 195,-1,1 75,-1,1 198,1,1 75,1,1
198,-1,1 75,-1,1 198,-1,1 75,1,1 178,-1,1 102,-1,1 188,-1,1 102,1,1 196,-1,1 102,-1,1
198,1,1 102,1,1 198,-1,1 102,-1,1 198,-1,1 102,1,1 21,-1,1 179,1,1 21,1,1 193,1,1
21,-1,1 198,1,1 21,1,1 198,-1,1 21,-1,1 198,-1,1 21,1,1 199,-1,1 101,-1,1 185,-1,1
101,1,1 196,-1,1 101,-1,1 199,1,1 101,1,1 199,-1,1 101,-1,1 199,-1,1 101,1,1 182,1,1
47,-1,1 179,-1,1 47,1,1 194,-1,1 47,-1,1 199,1,1 47,1,1 199,-1,1 47,-1,1 199,-1,1
47,1,1 193,1,1 20,-1,1 178,-1,1 20,1,1 193,-1,1 20,-1,1 199,1,1 20,1,1 199,-1,1
20,-1,1 199,-1,1 20,1,1 198,1,1 21,-1,1 179,-1,1 21,1,1 193,-1,1 21,-1,1 198,1,1
21,1,1 198,-1,1 21,-1,1 198,-1,1 21,1,1 199,-1,1 74,-1,1 182,-1,1 74,1,1 195,-1,1
74,-1,1 199,1,1 74,1,1 199,-1,1 74,-1,1 199,-1,1 74,1,1 185,1,1 129,-1,1 199,1,1
129,1,1 199,1,1 129,-1,1 199,-1,1 199,-1,1 129,1,1 188,1,1 199,-1,1 129,-1,1 199,1,1
199,1,1 129,1,1 199,-1,1 129,-1,1 199,-1,1 129,1,1 166,1,2 166,1,2 129,-1,1 199,1,1
129,1,1 199,1,1 129,-1,1 199,-1,1 199,-1,1 129,1,1 166,-1,2 166,-1,2 188,-1,1 102,-1,1
198,1,1 102,1,1 198,1,1 102,-1,1 198,-1,1 198,-1,1 102,1,1 198,1,1 231,-1,2 102,-1,1
198,1,1 102,1,1 198,1,1 102,-1,1 198,-1,1 198,-1,1 102,1,1 231,1,2 188,1,1 75,-1,1
198,1,1 198,1,1 75,1,1 198,-1,1 75,-1,1 198,-1,1 75,1,1 231,1,2 231,1,2 75,-1,1
198,1,1 75,1,1 198,1,1 75,-1,1 198,-1,1 198,-1,1 75,1,1 231,-1,2 231,-1,2 188,1,1
128,-1,1 198,1,1 198,1,1 128,1,1 198,-1,1 128,-1,1 198,-1,1 128,1,1 231,1,2 128,-1,1
198,1,1 128,1,1 198,1,1 128,-1,1 198,-1,1 198,-1,1 128,1,1 231,-1,2 195,-1,1 48,-1,1
198,1,1 198,1,1 48,1,1 198,-1,1 48,-1,1 198,-1,1 48,1,1 231,1,2 48,-1,1 198,1,1
48,1,1 198,1,1 48,-1,1 198,-1,1 198,-1,1 48,1,1 231,-1,2 193,-1,1 21,-1,1 198,1,1
198,1,1 21,1,1 198,-1,1 21,-1,1 198,-1,1 21,1,1 231,1,2 21,-1,1 198,1,1 21,1,1
198,1,1 21,-1,1 198,-1,1 198,-1,1 21,1,1 231,-1,2 199,-1,1 101,-1,1 199,1,1 199,1,1
101,1,1 199,-1,1 101,-1,1 199,-1,1 101,1,1 166,1,2 101,-1,1 199,1,1 101,1,1 199,1,1
101,-1,1 199,-1,1 199,-1,1 101,1,1 166,-1,2 199,1,1 199,1,1 179,1,1 20,-1,1 199,1,1
199,1,1 20,1,1 199,-1,1 20,-1,1 199,-1,1 20,1,1 166,1,2 20,-1,1 199,1,1 20,1,1
199,1,1 20,-1,1 199,-1,1 199,-1,1 20,1,1 166,-1,2 47,-1,1 199,1,1 47,1,1 199,1,1
47,-1,1 199,-1,1 199,-1,1 47,1,1 166,-1,2 47,-1,1 199,1,1 199,1,1 47,1,1 199,-1,1
47,-1,1 199,-1,1 47,1,1 166,1,2 194,-1,1 47,-1,1 199,1,1 199,1,1 47,1,1 199,-1,1
47,-1,1 199,-1,1 47,1,1 166,1,2 47,-1,1 199,1,1 47,1,1 199,1,1 47,-1,1 199,-1,1
199,-1,1 47,1,1 166,-1,2 74,-1,1 199,1,1 199,1,1 74,1,1 199,-1,1 74,-1,1 199,-1,1
74,1,1 166,-1,2 74,-1,1 199,1,1 74,1,1 199,1,1 74,-1,1 199,-1,1 199,-1,1 74,1,1
166,1,2 196,1,1 74,-1,1 199,1,1 199,1,1 74,1,1 199,-1,1 74,-1,1 199,-1,1 74,1,1
166,1,2 74,-1,1 199,1,1 74,1,1 199,1,1 74,-1,1 199,-1,1 199,-1,1 74,1,1 166,-1,2
74,-1,1 199,-1,1 199,-1,1 74,1,1 199,-1,1 74,-1,1 199,-1,1 199,-1,1 74,1,1 232,-1,1
101,-1,1 199,-1,1 199,-1,1 101,1,1 199,-1,1 101,-1,1 199,-1,1 199,-1,1 101,1,1 232,1,1
232,1,1 232,1,1 101,-1,1 199,-1,1 199,-1,1 101,1,1 199,-1,1 101,-1,1 199,-1,1 199,-1,1
101,1,1 74,-1,1 199,-1,1 199,-1,1 79,-1,1 232,-1,1 79,1,1 232,1,1 79,-1,1 199,-1,1
79,-1,1 232,-1,1 79,-1,1 232,1,1 79,-1,1 199,-1,1 199,-1,1 74,1,1 232,-1,1 232,-1,1
102,1,1 199,1,1 102,1,1 199,1,1 102,1,1 199,1,1 129,-1,1 106,-1,1 129,1,1 100,1,1
199,-1,1 102,-1,1 199,-1,1 102,-1,1 199,-1,1 102,-1,1 232,1,1 232,1,1 74,-1,1 199,-1,1
199,-1,1 74,1,1 199,-1,1 74,-1,1 199,-1,1 199,-1,1 74,1,1 232,1,1 129,-1,1 199,-1,1
199,-1,1 133,-1,1 232,-1,1 133,1,1 232,1,1 133,-1,1 199,-1,1 133,-1,1 232,-1,1 133,-1,1
232,1,1 133,-1,1 199,-1,1 199,-1,1 129,1,1 232,1,1 232,1,1 199,-1,1 51,-1,1 199,-1,1
199,-1,1 51,-1,1 199,-1,1 51,-1,1 199,-1,1 199,-1,1 51,1,1 132,-1,1 199,-1,1 199,-1,1
132,-1,1 199,-1,1 132,-1,1 199,-1,1 199,-1,1 132,-1,1 199,-1,1 133,-1,1 199,-1,1 133,-1,1
199,1,1 106,1,1 199,1,1 106,-1,1 25,1,1 199,-1,1 25,-1,1 199,-1,1 25,1,1 199,-1,1
25,-1,1 199,1,1 25,1,1 199,1,1 25,1,1 199,1,1 133,-1,1 199,-1,1 133,1,1 199,1,1
166,1,1 166,1,1 79,1,1 m[ 101,-1,1 101,-1,1 79,-1,1 101,-1,1 101,-1,1 78,-1,1
199,-1,1 101,-1,1 101,-1,1 79,-1,1 101,-1,1 101,-1,1 78,-1,1 199,-1,1 101,-1,1 101,-1,1
79,-1,1 101,-1,1 101,-1,1 78,-1,1 199,1,1 199,1,1 101,-1,1 101,-1,1 79,-1,1 101,-1,1
101,-1,1 78,-1,1 232,-1,1 78,1,1 101,1,1 101,1,1 79,1,1 101,1,1 101,1,1 199,-1,1
199,-1,1 78,1,1 101,1,1 101,1,1 79,1,1 101,1,1 101,1,1 199,1,1 78,1,1 101,1,1
101,1,1 79,1,1 101,1,1 101,1,1 199,1,1 78,1,1 101,1,1 101,1,1 79,1,1 101,1,1
101,1,1 232,1,1 m] 79,-1,1 166,-1,1 166,-1,1 106,-1,1 m[ 21,-1,1 21,-1,1
52,-1,1 21,-1,1 21,-1,1 49,-1,1 198,-1,1 21,-1,1 21,-1,1 52,-1,1 21,-1,1 21,-1,1
49,-1,1 198,-1,1 21,-1,1 21,-1,1 52,-1,1 21,-1,1 21,-1,1 49,-1,1 198,1,1 198,1,1
21,-1,1 21,-1,1 52,-1,1 21,-1,1 21,-1,1 49,-1,1 165,-1,1 49,1,1 21,1,1 21,1,1
52,1,1 21,1,1 21,1,1 198,-1,1 198,-1,1 49,1,1 21,1,1 21,1,1 52,1,1 21,1,1
21,1,1 198,1,1 49,1,1 21,1,1 21,1,1 52,1,1 21,1,1 21,1,1 198,1,1 49,1,1
21,1,1 21,1,1 52,1,1 21,1,1 21,1,1 165,1,1 m] 104,1,1 23,-1,1 m[
165,-1,1 128,-1,1 128,-1,1 25,-1,1 128,-1,1 128,-1,1 22,-1,1 198,-1,1 128,-1,1 128,-1,1
25,-1,1 128,-1,1 128,-1,1 22,-1,1 198,-1,1 128,-1,1 128,-1,1 25,-1,1 128,-1,1 128,-1,1
22,-1,1 198,1,1 198,1,1 128,-1,1 128,-1,1 25,-1,1 128,-1,1 128,-1,1 22,-1,1 165,1,1
22,1,1 128,1,1 128,1,1 25,1,1 128,1,1 128,1,1 198,-1,1 198,-1,1 22,1,1 128,1,1
128,1,1 25,1,1 128,1,1 128,1,1 198,1,1 22,1,1 128,1,1 128,1,1 25,1,1 128,1,1
128,1,1 198,1,1 22,1,1 128,1,1 128,1,1 25,1,1 128,1,1 128,1,1 m] 25,1,1
23,-1,1 m[ 165,-1,1 75,-1,1 75,-1,1 106,-1,1 75,-1,1 75,-1,1 103,-1,1 198,-1,1
75,-1,1 75,-1,1 106,-1,1 75,-1,1 75,-1,1 103,-1,1 198,-1,1 75,-1,1 75,-1,1 106,-1,1
75,-1,1 75,-1,1 103,-1,1 198,1,1 198,1,1 75,-1,1 75,-1,1 106,-1,1 75,-1,1 75,-1,1
103,-1,1 165,1,1 103,1,1 75,1,1 75,1,1 106,1,1 75,1,1 75,1,1 198,-1,1 198,-1,1
103,1,1 75,1,1 75,1,1 106,1,1 75,1,1 75,1,1 198,1,1 103,1,1 75,1,1 75,1,1
106,1,1 75,1,1 75,1,1 198,1,1 103,1,1 75,1,1 75,1,1 106,1,1 75,1,1 75,1,1
m] 23,1,1 166,1,1 133,-1,1 m[ 20,-1,1 20,-1,1 133,-1,1 20,-1,1 20,-1,1
132,-1,1 199,-1,1 20,-1,1 20,-1,1 133,-1,1 20,-1,1 20,-1,1 132,-1,1 199,-1,1 20,-1,1
20,-1,1 133,-1,1 20,-1,1 20,-1,1 132,-1,1 199,1,1 199,1,1 20,-1,1 20,-1,1 133,-1,1
20,-1,1 20,-1,1 132,-1,1 232,-1,1 132,1,1 20,1,1 20,1,1 133,1,1 20,1,1 20,1,1
199,-1,1 199,-1,1 132,1,1 20,1,1 20,1,1 133,1,1 20,1,1 20,1,1 199,1,1 132,1,1
20,1,1 20,1,1 133,1,1 20,1,1 20,1,1 199,1,1 132,1,1 20,1,1 20,1,1 133,1,1
20,1,1 20,1,1 232,1,1 m] 133,1,1 166,-1,1 m[ 106,-1,1 166,-1,1 106,-1,1
166,1,1 106,-1,1 232,-1,1 106,-1,1 166,-1,1 106,-1,1 166,1,1 106,-1,1 232,-1,1 106,-1,1
166,-1,1 106,-1,1 166,1,1 106,-1,1 232,1,1 232,1,1 106,-1,1 166,-1,1 106,-1,1 166,1,1
106,-1,1 199,-1,1 106,1,1 166,-1,1 106,1,1 166,1,1 106,1,1 232,-1,1 232,-1,1 106,1,1
166,-1,1 106,1,1 166,1,1 106,1,1 232,1,1 106,1,1 166,-1,1 106,1,1 166,1,1 106,1,1
232,1,1 106,1,1 166,-1,1 106,1,1 166,1,1 106,1,1 199,1,1 m] m[ 199,-1,1
79,-1,1 166,-1,1 79,-1,1 166,1,1 79,-1,1 232,-1,1 79,-1,1 166,-1,1 79,-1,1 166,1,1
79,-1,1 232,-1,1 79,-1,1 166,-1,1 79,-1,1 166,1,1 79,-1,1 232,1,1 232,1,1 79,-1,1
166,-1,1 79,-1,1 166,1,1 79,-1,1 199,1,1 79,1,1 166,-1,1 79,1,1 166,1,1 79,1,1
232,-1,1 232,-1,1 79,1,1 166,-1,1 79,1,1 166,1,1 79,1,1 232,1,1 79,1,1 166,-1,1
79,1,1 166,1,1 79,1,1 232,1,1 79,1,1 166,-1,1 79,1,1 166,1,1 79,1,1 m]
50,1,1 m[ 79,-1,1 231,-1,1 79,-1,1 231,1,1 79,-1,1 165,-1,1 79,-1,1 231,-1,1
79,-1,1 231,1,1 79,-1,1 165,-1,1 79,-1,1 231,-1,1 79,-1,1 231,1,1 79,-1,1 165,1,1
165,1,1 79,-1,1 231,-1,1 79,-1,1 231,1,1 79,-1,1 198,-1,1 79,1,1 231,-1,1 79,1,1
231,1,1 79,1,1 165,-1,1 165,-1,1 79,1,1 231,-1,1 79,1,1 231,1,1 79,1,1 165,1,1
79,1,1 231,-1,1 79,1,1 231,1,1 79,1,1 165,1,1 79,1,1 231,-1,1 79,1,1 231,1,1
79,1,1 198,1,1 m] 52,1,1 231,1,1 133,1,1 m[ 106,-1,1 231,-1,1 106,-1,1
231,1,1 106,-1,1 165,-1,1 106,-1,1 231,-1,1 106,-1,1 231,1,1 106,-1,1 165,-1,1 106,-1,1
231,-1,1 106,-1,1 231,1,1 106,-1,1 165,1,1 165,1,1 106,-1,1 231,-1,1 106,-1,1 231,1,1
106,-1,1 198,-1,1 106,1,1 231,-1,1 106,1,1 231,1,1 106,1,1 165,-1,1 165,-1,1 106,1,1
231,-1,1 106,1,1 231,1,1 106,1,1 165,1,1 106,1,1 231,-1,1 106,1,1 231,1,1 106,1,1
165,1,1 106,1,1 231,-1,1 106,1,1 231,1,1 106,1,1 198,1,1 m] 133,-1,1 231,-1,1
166,-1,1 104,-1,1 m[ 25,-1,1 166,-1,1 25,-1,1 166,1,1 25,-1,1 232,-1,1 25,-1,1
166,-1,1 25,-1,1 166,1,1 25,-1,1 232,-1,1 25,-1,1 166,-1,1 25,-1,1 166,1,1 25,-1,1
232,1,1 232,1,1 25,-1,1 166,-1,1 25,-1,1 166,1,1 25,-1,1 199,-1,1 25,1,1 166,-1,1
25,1,1 166,1,1 25,1,1 232,-1,1 232,-1,1 25,1,1 166,-1,1 25,1,1 166,1,1 25,1,1
232,1,1 25,1,1 166,-1,1 25,1,1 166,1,1 25,1,1 232,1,1 25,1,1 166,-1,1 25,1,1
166,1,1 25,1,1 199,1,1 m] 104,1,1 166,1,1.
